0000000000000000 0000000000000004 b g_sfdnsresResult
0000000000000000 A __start__
0000000000000000 T _start
0000000000000000 b _TLS_MODULE_BASE_
0000000000000004 0000000000000004 B g_bsdErrno
0000000000000008 0000000000000004 B g_bsdResult
0000000000000010 0000000000000401 b __fixedpath
0000000000000080 t startup
00000000000000a4 t bssclr_start
00000000000000cc t bss_loop
0000000000000120 T __nx_exit
0000000000000130 T __nx_mod0
0000000000000150 T _init
00000000000001c0 0000000000000038 T exit
0000000000000200 0000000000000088 T main
0000000000000288 t deregister_tm_clones
00000000000002b8 t register_tm_clones
00000000000002f0 t __do_global_dtors_aux
0000000000000338 t frame_dummy
0000000000000370 0000000000000044 T dnld_header_parse
00000000000003c0 00000000000000b8 T xferinfo
0000000000000418 0000000000002000 b tmp_buffer.7030
0000000000000480 000000000000000c T older_progress
0000000000000490 0000000000000028 T curlInit
00000000000004c0 0000000000000014 T curlExit
00000000000004e0 000000000000015c T nXDownloadUpdate
0000000000000640 00000000000001b4 T FILE_TRANSFER_HTTP_TEMPORALY
0000000000000800 00000000000007a8 T FILE_TRANSFER_HTTP
0000000000000fb0 00000000000000f4 T title
00000000000010b0 000000000000008c T functionExit
0000000000001140 00000000000000f0 T menu_options
0000000000001230 00000000000001c8 T menu_main
0000000000001400 0000000000000084 t easy_connection
0000000000001490 0000000000000084 T curl_global_init
0000000000001520 0000000000000090 T curl_global_init_mem
00000000000015b0 0000000000000020 T curl_global_cleanup
00000000000015d0 0000000000000094 t curl_easy_init
0000000000001670 00000000000001f4 t curl_easy_perform
0000000000001870 000000000000000c t curl_easy_cleanup
0000000000001880 000000000000002c t curl_easy_getinfo
00000000000018b0 0000000000000250 T curl_easy_duphandle
0000000000001b00 00000000000000ac T curl_easy_reset
0000000000001bb0 0000000000000170 T curl_easy_pause
0000000000001d20 000000000000009c T curl_easy_recv
0000000000001dc0 00000000000000c0 T curl_easy_send
0000000000001e80 0000000000000024 t conn_is_conn
0000000000001eb0 0000000000000074 t verifyconnect
0000000000001f30 00000000000000c0 t Curl_timeleft
0000000000001ff0 0000000000000090 t Curl_persistconninfo
0000000000002080 0000000000000090 t Curl_getaddressinfo
0000000000002110 0000000000000220 t Curl_updateconninfo
0000000000002330 0000000000000084 t Curl_tcpnodelay
00000000000023c0 000000000000008c t Curl_getconnectinfo
0000000000002418 0000000000002000 b tmp_buffer.7054
0000000000002450 000000000000004c t Curl_connalive
00000000000024a0 00000000000000a4 t Curl_closesocket
0000000000002550 000000000000011c t Curl_socket
0000000000002670 0000000000000840 t singleipconnect
0000000000002eb0 00000000000000e8 t trynextip
0000000000002fa0 000000000000042c t Curl_is_connected
00000000000033d0 0000000000000128 t Curl_connecthost
0000000000003500 000000000000003c t Curl_conncontrol
0000000000003540 0000000000000050 t Curl_conn_data_pending
0000000000003590 0000000000000010 t sh_freeentry
00000000000035a0 0000000000000014 t fd_key_compare
00000000000035c0 0000000000000010 t hash_fd
00000000000035d0 0000000000000004 t multi_freeamsg
00000000000035e0 000000000000004c t multi_deltimeout
0000000000003630 0000000000000278 t multi_done
00000000000038b0 0000000000000098 t multi_timeout.isra.2.part.3
0000000000003950 00000000000000d4 t update_timer
0000000000003a30 00000000000000f0 t add_next_timeout.isra.4
0000000000003b20 0000000000000110 t multi_getsock.constprop.6
0000000000003c30 000000000000038c t singlesocket
0000000000003fc0 0000000000000154 t Curl_multi_handle
0000000000004120 000000000000000c T curl_multi_init
0000000000004130 0000000000000020 t Curl_pipeline_wanted
0000000000004150 0000000000000008 t Curl_multi_handlePipeBreak
0000000000004160 0000000000000120 T curl_multi_fdset
0000000000004280 000000000000036c t curl_multi_wait
00000000000045f0 000000000000000c T Curl_multi_connchanged
0000000000004600 0000000000000140 t curl_multi_cleanup
0000000000004740 0000000000000094 t curl_multi_info_read
00000000000047e0 00000000000000ac t Curl_multi_closed
0000000000004890 00000000000002b4 t curl_multi_setopt
0000000000004b50 000000000000006c T curl_multi_timeout
0000000000004bc0 00000000000001ec t Curl_expire
0000000000004db0 000000000000018c t curl_multi_add_handle
0000000000004f40 0000000000000088 T Curl_multi_add_perform
0000000000004fd0 0000000000000004 t Curl_expire_done
0000000000004fe0 00000000000000b4 t Curl_expire_clear
00000000000050a0 0000000000000070 T curl_multi_assign
0000000000005110 0000000000000014 t Curl_multi_max_host_connections
0000000000005130 0000000000000014 t Curl_multi_max_total_connections
0000000000005150 0000000000000014 t Curl_multi_content_length_penalty_size
0000000000005170 0000000000000014 t Curl_multi_chunk_length_penalty_size
0000000000005190 0000000000000008 t Curl_multi_pipelining_site_bl
00000000000051a0 0000000000000008 t Curl_multi_pipelining_server_bl
00000000000051b0 000000000000008c t Curl_multi_process_pending_handles
0000000000005240 0000000000000238 t curl_multi_remove_handle
0000000000005480 000000000000157c t multi_runsingle
0000000000006a00 0000000000000124 t curl_multi_perform
0000000000006b30 0000000000000230 t multi_socket
0000000000006d60 0000000000000064 T curl_multi_socket
0000000000006dd0 0000000000000064 T curl_multi_socket_action
0000000000006e40 0000000000000060 T curl_multi_socket_all
0000000000006ea0 0000000000000024 t Curl_set_in_callback
0000000000006ed0 0000000000000030 t Curl_is_in_callback
0000000000006f00 0000000000000088 t Curl_input_digest
0000000000006f90 00000000000001c8 t Curl_output_digest
0000000000007160 0000000000000030 t Curl_digest_cleanup
0000000000007190 0000000000000428 t curl_easy_strerror
00000000000075c0 00000000000000f4 T curl_multi_strerror
00000000000076c0 0000000000000084 T curl_share_strerror
0000000000007750 00000000000000d0 t Curl_strerror
0000000000007820 00000000000000f8 t Curl_wait_ms
0000000000007920 00000000000002b0 t Curl_socket_check
0000000000007bd0 00000000000001c4 t Curl_poll
0000000000007da0 0000000000000134 t Curl_splay
0000000000007ee0 00000000000000ac t Curl_splayinsert
0000000000007f90 00000000000000a8 t Curl_splaygetbest
0000000000008040 00000000000000ec t Curl_splayremovebyaddr
0000000000008130 0000000000000044 t Curl_memdup
0000000000008180 0000000000000060 t Curl_saferealloc
00000000000081e0 0000000000000054 t curl_slist_free_all.part.0
0000000000008240 0000000000000060 t Curl_slist_append_nodup
00000000000082a0 00000000000000c8 t curl_slist_append
0000000000008370 000000000000008c t Curl_slist_duplicate
0000000000008400 000000000000000c t curl_slist_free_all
0000000000008410 0000000000000040 t curlx_nonblock
0000000000008450 0000000000000004 t curlx_ultous
0000000000008460 0000000000000004 t curlx_ultouc
0000000000008470 0000000000000008 T curlx_ultosi
0000000000008480 0000000000000008 T curlx_uztoso
0000000000008490 0000000000000008 t curlx_uztosi
00000000000084a0 0000000000000004 T curlx_uztoul
00000000000084b0 0000000000000004 t curlx_uztoui
00000000000084c0 0000000000000008 t curlx_sltosi
00000000000084d0 0000000000000004 t curlx_sltoui
00000000000084e0 0000000000000004 t curlx_sltous
00000000000084f0 0000000000000008 t curlx_uztosz
0000000000008500 0000000000000004 t curlx_sotouz
0000000000008510 0000000000000008 T curlx_sztosi
0000000000008520 0000000000000004 T curlx_uitous
0000000000008530 0000000000000004 T curlx_uitouc
0000000000008540 0000000000000008 T curlx_uitosi
0000000000008550 0000000000000008 T curlx_sitouz
0000000000008560 0000000000000024 t Curl_connect_complete
0000000000008590 0000000000000024 t Curl_connect_ongoing
00000000000085c0 0000000000000038 t Curl_connect_free
0000000000008600 0000000000000b88 t Curl_proxyCONNECT
0000000000009190 000000000000011c t Curl_proxy_connect
00000000000092b0 0000000000000008 t conn_llist_dtor
00000000000092c0 0000000000000078 t bundle_remove_conn
0000000000009340 0000000000000038 t bundle_destroy.part.0
0000000000009380 000000000000000c t free_bundle_hash_entry
0000000000009390 0000000000000080 t hashkey.constprop.2
0000000000009410 0000000000000080 t Curl_conncache_init
0000000000009490 000000000000000c t Curl_conncache_destroy
00000000000094a0 0000000000000018 t Curl_conncache_unlock
00000000000094c0 0000000000000068 t Curl_conncache_size
0000000000009530 0000000000000070 t Curl_conncache_bundle_size
00000000000095a0 0000000000000070 t Curl_conncache_find_bundle
0000000000009610 000000000000011c t Curl_conncache_add_conn
0000000000009730 00000000000000fc t Curl_conncache_remove_conn
0000000000009830 0000000000000114 t Curl_conncache_foreach
0000000000009950 0000000000000054 t Curl_conncache_find_first_connection
00000000000099b0 00000000000000f0 t Curl_conncache_extract_bundle
0000000000009aa0 000000000000013c t Curl_conncache_extract_oldest
0000000000009be0 00000000000000e0 t Curl_conncache_return_conn
0000000000009cc0 0000000000000084 t Curl_conncache_close_all_connections
0000000000009d50 0000000000000014 t site_blacklist_llist_dtor
0000000000009d70 0000000000000004 t server_blacklist_llist_dtor
0000000000009d80 0000000000000104 t Curl_pipeline_penalized
0000000000009e90 000000000000005c t Curl_add_handle_to_pipeline
0000000000009ef0 0000000000000088 t Curl_move_handle_from_send_to_recv_pipe
0000000000009f80 00000000000000a8 t Curl_pipeline_site_blacklisted
000000000000a030 0000000000000128 t Curl_pipeline_set_site_blacklist
000000000000a160 00000000000000bc t Curl_pipeline_server_blacklisted
000000000000a220 00000000000000cc t Curl_pipeline_set_server_blacklist
000000000000a2f0 0000000000000034 t Curl_recvpipe_head
000000000000a330 0000000000000034 t Curl_sendpipe_head
000000000000a370 0000000000000038 t Curl_pipeline_checkget_write
000000000000a3b0 0000000000000038 t Curl_pipeline_checkget_read
000000000000a3f0 0000000000000008 t Curl_pipeline_leave_write
000000000000a400 0000000000000008 t Curl_pipeline_leave_read
000000000000a410 00000000000000e0 t escape_string
000000000000a4f0 0000000000000008 t encoder_nop_size
000000000000a500 0000000000000074 t encoder_7bit_read
000000000000a580 00000000000001b4 t encoder_base64_read
000000000000a740 000000000000004c t encoder_base64_size
000000000000a790 0000000000000010 t encoder_qp_size
000000000000a7a0 0000000000000048 t mime_mem_seek
000000000000a7f0 0000000000000034 t mime_mem_free
000000000000a830 0000000000000098 t mime_part_rewind
000000000000a8d0 0000000000000030 t mime_subparts_unbind
000000000000a900 000000000000006c t mime_mem_read
000000000000a970 0000000000000298 t encoder_qp_read
000000000000ac10 0000000000000064 t encoder_nop_read
000000000000ac80 0000000000000044 t mime_file_free
000000000000acd0 0000000000000088 t mime_subparts_seek
000000000000ad60 00000000000000c0 t readback_bytes.isra.2
000000000000ae20 0000000000000080 t mime_file_seek
000000000000aea0 0000000000000070 t match_header.isra.5
000000000000af10 0000000000000068 t search_header
000000000000af80 0000000000000418 t readback_part
000000000000b3a0 00000000000001d0 t mime_subparts_read
000000000000b570 0000000000000074 t mime_file_read
000000000000b5f0 00000000000000b0 t Curl_mime_cleanpart
000000000000b6a0 00000000000000a0 t curl_mime_free
000000000000b740 000000000000002c t mime_subparts_free
000000000000b770 00000000000000b4 t curl_mime_init
000000000000b830 000000000000002c t Curl_mime_initpart
000000000000b860 0000000000000098 t curl_mime_addpart
000000000000b900 0000000000000070 t curl_mime_name
000000000000b970 0000000000000070 t curl_mime_filename
000000000000b9e0 00000000000000f8 t curl_mime_data
000000000000bae0 000000000000021c t curl_mime_filedata
000000000000bd00 0000000000000070 t curl_mime_type
000000000000bd70 0000000000000090 T curl_mime_encoder
000000000000be00 000000000000007c t curl_mime_headers
000000000000be80 0000000000000094 t curl_mime_data_cb
000000000000bf20 0000000000000144 t Curl_mime_set_subparts
000000000000c070 0000000000000258 t Curl_mime_duppart
000000000000c2d0 0000000000000008 t curl_mime_subparts
000000000000c2e0 000000000000000c t Curl_mime_read
000000000000c2f0 0000000000000020 t Curl_mime_rewind
000000000000c310 0000000000000160 t Curl_mime_size
000000000000c470 00000000000000e4 t Curl_mime_add_header
000000000000c560 00000000000000c8 t Curl_mime_contenttype
000000000000c630 0000000000000548 t Curl_mime_prepare_headers
000000000000cb80 00000000000000f8 t setstropt_userpwd
000000000000cc80 000000000000006c t Curl_setstropt
000000000000ccf0 0000000000003ec4 t Curl_vsetopt
0000000000010bc0 0000000000000080 t curl_easy_setopt
0000000000010c40 0000000000000024 t Curl_isspace
0000000000010c70 0000000000000024 t Curl_isdigit
0000000000010ca0 0000000000000024 t Curl_isalnum
0000000000010cd0 0000000000000028 t Curl_isxdigit
0000000000010d00 0000000000000030 t Curl_isgraph
0000000000010d30 0000000000000028 t Curl_isprint
0000000000010d60 0000000000000024 t Curl_isalpha
0000000000010d90 0000000000000024 t Curl_isupper
0000000000010dc0 0000000000000024 t Curl_islower
0000000000010df0 0000000000000058 t auth_digest_sha256_to_ascii
0000000000010e50 0000000000000058 t auth_digest_md5_to_ascii
0000000000010eb0 00000000000000b8 t auth_digest_get_key_value
0000000000010f70 0000000000000538 t _Curl_auth_create_digest_http_message
00000000000114b0 000000000000012c t Curl_auth_digest_get_pair
00000000000115e0 0000000000000008 t Curl_auth_is_digest_supported
00000000000115f0 0000000000000798 t Curl_auth_create_digest_md5_message
0000000000011d90 000000000000008c t Curl_auth_create_digest_http_message
0000000000011e20 0000000000000094 t Curl_auth_digest_cleanup
0000000000011ec0 00000000000004f0 t Curl_auth_decode_digest_http_message
00000000000123b0 0000000000000064 t Curl_now
0000000000012420 0000000000000074 t Curl_timediff
00000000000124a0 0000000000000054 t Curl_timediff_us
0000000000012500 0000000000000250 t base64_encode.isra.0
0000000000012750 0000000000000268 t Curl_base64_decode
00000000000129c0 000000000000000c t Curl_base64_encode
00000000000129d0 0000000000000010 T Curl_base64url_encode
00000000000129e0 0000000000000028 t hostcache_timestamp_remove
0000000000012a10 0000000000000088 t create_hostcache_id
0000000000012aa0 0000000000000034 t freednsentry.part.0
0000000000012ae0 0000000000000018 t freednsentry
0000000000012b00 00000000000000e8 t fetch_addr.isra.1
0000000000012bf0 0000000000000078 t Curl_global_host_cache_init
0000000000012c70 0000000000000040 t Curl_global_host_cache_dtor
0000000000012cb0 000000000000001c t Curl_num_addresses
0000000000012cd0 000000000000002c t Curl_printable_address
0000000000012d00 0000000000000084 t Curl_hostcache_prune
0000000000012d90 0000000000000084 t Curl_fetch_addr
0000000000012e20 0000000000000128 t Curl_cache_addr
0000000000012f50 00000000000001b0 t Curl_resolv
0000000000013100 0000000000000074 t Curl_resolv_timeout
0000000000013180 0000000000000094 t Curl_resolv_unlock
0000000000013220 0000000000000020 t Curl_mk_dnscache
0000000000013240 0000000000000064 t Curl_hostcache_clean
00000000000132b0 000000000000040c t Curl_loadhostpairs
00000000000136c0 0000000000000118 t time2str
00000000000137e0 00000000000001b8 t max5data
00000000000139a0 0000000000000018 t Curl_pgrsResetTransferSizes
00000000000139c0 0000000000000128 t Curl_pgrsTime
0000000000013af0 0000000000000050 t Curl_pgrsStartNow
0000000000013b40 00000000000000c8 t Curl_pgrsLimitWaitTime
0000000000013c10 0000000000000094 t Curl_pgrsSetDownloadCounter
0000000000013cb0 0000000000000094 t Curl_pgrsSetUploadCounter
0000000000013d50 0000000000000028 t Curl_pgrsSetDownloadSize
0000000000013d80 0000000000000028 t Curl_pgrsSetUploadSize
0000000000013db0 0000000000000610 t Curl_pgrsUpdate
00000000000143c0 0000000000000058 t Curl_pgrsDone
0000000000014420 000000000000008c t freecookie
00000000000144b0 0000000000000088 t tailmatch
0000000000014540 0000000000000108 t cookie_sort
0000000000014650 0000000000000110 t sanitize_cookie_path
0000000000014760 00000000000000f8 t get_netscape_format
0000000000014860 0000000000000094 t remove_expired.isra.0
0000000000014900 0000000000000d88 t Curl_cookie_add
0000000000015690 0000000000000464 t Curl_cookie_getlist
0000000000015b00 0000000000000048 t Curl_cookie_clearall
0000000000015b50 0000000000000030 t Curl_cookie_freelist
0000000000015b80 0000000000000090 t Curl_cookie_clearsess
0000000000015c10 0000000000000068 t Curl_cookie_cleanup
0000000000015c80 0000000000000284 t Curl_cookie_init
0000000000015f10 00000000000000a0 t Curl_cookie_loadfiles
0000000000015fb0 00000000000000f8 t Curl_cookie_list
00000000000160b0 0000000000000200 t Curl_flush_cookies
00000000000162b0 0000000000000090 t pickoneauth
0000000000016340 0000000000000078 t http_should_fail
00000000000163c0 0000000000000010 t http_getsock_do
00000000000163d0 0000000000000064 T Curl_http_setup_conn
0000000000016440 00000000000000e0 t readmoredata
0000000000016520 0000000000000108 t header_append
0000000000016630 00000000000000ec t http_perhapsrewind
0000000000016720 0000000000000140 t http_output_basic
0000000000016860 000000000000012c t Curl_http_done
0000000000016990 0000000000000088 t checkhttpprefix.isra.2
0000000000016a20 0000000000000090 t Curl_http_connect
0000000000016ab0 0000000000000108 t Curl_copy_header_value.part.7
0000000000016bc0 0000000000000090 t Curl_checkProxyheaders
0000000000016c50 0000000000000004 t Curl_copy_header_value
0000000000016c60 00000000000001f0 t Curl_http_auth_act
0000000000016e50 00000000000002c8 t Curl_http_output_auth
0000000000017120 00000000000001b4 t Curl_http_input_auth
00000000000172e0 0000000000000018 t Curl_add_buffer_init
0000000000017300 000000000000003c t Curl_add_buffer_free
0000000000017340 0000000000000234 t Curl_add_buffer_send
0000000000017580 000000000000013c t Curl_add_buffer
00000000000176c0 0000000000000104 t Curl_add_bufferf
00000000000177d0 0000000000000148 t Curl_add_timecondition.part.9
0000000000017920 0000000000000100 t Curl_compareheader
0000000000017a20 00000000000000cc t expect100
0000000000017af0 0000000000000340 t Curl_add_custom_headers
0000000000017e30 00000000000018ac T Curl_http
00000000000196e0 0000000000000014 t Curl_add_timecondition
0000000000019700 0000000000001090 t Curl_http_readwrite_headers
000000000001a790 0000000000000140 t pausewrite
000000000001a8d0 00000000000000d0 t showit
000000000001a9a0 0000000000000008 t Curl_recv_has_postponed_data
000000000001a9b0 000000000000008c t Curl_write
000000000001aa40 0000000000000064 t Curl_read_plain
000000000001aab0 0000000000000188 t Curl_read
000000000001ac40 0000000000000120 t Curl_debug
000000000001ad60 00000000000000d8 t Curl_infof
000000000001ae40 0000000000000130 t Curl_failf
000000000001af70 00000000000000d8 t Curl_send_plain
000000000001b050 0000000000000038 t Curl_write_plain
000000000001b090 00000000000000cc T Curl_recv_plain
000000000001b160 00000000000003bc t Curl_client_write
000000000001b520 0000000000000158 t Curl_sendf
000000000001b680 0000000000000004 t llist_dtor
000000000001b690 0000000000000158 t get_protocol_family
000000000001b7f0 000000000000028c t conn_free
000000000001ba80 00000000000000d8 t setup_range
000000000001bb60 00000000000000dc t parse_proxy_auth
000000000001bc40 00000000000000a0 t IsPipeliningPossible
000000000001bce0 00000000000000dc t fix_hostname.isra.3
000000000001bdc0 00000000000000a4 t extract_if_dead
000000000001be70 0000000000000048 t call_extract_if_dead
000000000001bec0 000000000000005c t signalPipeClose.constprop.8
000000000001bf20 0000000000000094 t Curl_freeset
000000000001bfc0 00000000000001e0 t Curl_close
000000000001c1a0 0000000000000158 t Curl_init_userdefined
000000000001c300 0000000000000140 t Curl_open
000000000001c440 00000000000000f0 t Curl_disconnect
000000000001c530 0000000000000758 t ConnectionExists
000000000001cc90 000000000000005c t Curl_removeHandleFromPipeline
000000000001ccf0 0000000000000150 t Curl_getoff_all_pipelines
000000000001ce40 0000000000000118 t Curl_connected_proxy
000000000001cf60 0000000000000074 t Curl_verboseconnect
000000000001cfe0 0000000000000018 t Curl_protocol_getsock
000000000001d000 000000000000001c t Curl_doing_getsock
000000000001d020 000000000000002c t Curl_protocol_connecting
000000000001d050 000000000000002c t Curl_protocol_doing
000000000001d080 0000000000000100 t Curl_protocol_connect
000000000001d180 0000000000000044 t Curl_free_request_state
000000000001d1d0 00000000000003b8 t Curl_parse_login_details
000000000001d590 000000000000058c t parse_proxy
000000000001db20 0000000000000130 t Curl_setup_conn
000000000001dc50 00000000000000c8 t Curl_init_do
000000000001dd20 0000000000002800 t Curl_connect
0000000000020520 00000000000000f0 t unescape_word
0000000000020610 0000000000000484 t dict_do
0000000000020aa0 0000000000000100 t Curl_if2ip.part.0
0000000000020ba0 0000000000000008 t Curl_ipv6_scope
0000000000020bb0 0000000000000030 T Curl_if_is_interface_name
0000000000020be0 0000000000000024 t Curl_if2ip
0000000000020c10 000000000000000c t Curl_speedinit
0000000000020c20 00000000000000c8 t Curl_speedcheck
0000000000020cf0 000000000000005c t curl_version.part.0
0000000000020d50 000000000000004c t Curl_version_init
0000000000020da0 0000000000000030 T curl_version
0000000000020dd0 0000000000000044 T curl_version_info
0000000000020e20 0000000000000038 t curl_getenv
0000000000020e60 00000000000001c0 t curl_easy_escape
0000000000021020 0000000000000010 T curl_escape
0000000000021030 00000000000001c4 t Curl_urldecode
0000000000021200 000000000000008c t curl_easy_unescape
0000000000021290 0000000000000014 T curl_unescape
00000000000212b0 0000000000000010 T curl_free
00000000000212c0 0000000000000038 t addbyter
0000000000021300 00000000000000cc t alloc_addbyter
00000000000213d0 0000000000000020 t storebuffer
00000000000213f0 000000000000007c t dprintf_DollarString
0000000000021470 0000000000000078 t curl_msnprintf
00000000000214f0 00000000000012e4 t dprintf_formatf
00000000000227e0 000000000000006c t curl_mvsnprintf
0000000000022850 0000000000000124 t curl_maprintf
0000000000022980 00000000000000d4 t curl_mvaprintf
0000000000022a60 0000000000000090 T curl_msprintf
0000000000022af0 0000000000000094 T curl_mprintf
0000000000022b90 0000000000000084 t curl_mfprintf
0000000000022c20 0000000000000048 T curl_mvsprintf
0000000000022c70 000000000000004c T curl_mvprintf
0000000000022cc0 0000000000000038 T curl_mvfprintf
0000000000022d00 0000000000000058 t telnet_done
0000000000022d60 0000000000000284 t check_telnet_options
0000000000022ff0 00000000000001d4 t send_telnet_data
00000000000231d0 0000000000000424 t printsub.part.1
0000000000023600 000000000000014c t sendsuboption
0000000000023750 00000000000000c8 t printoption.part.2
0000000000023820 0000000000000058 t printoption
0000000000023880 000000000000008c t send_negotiation.isra.3
0000000000023910 0000000000000358 t suboption.isra.4
0000000000023c70 0000000000000b90 t telnet_do
0000000000024800 0000000000000370 t Curl_parsenetrc
0000000000024b70 000000000000009c t Curl_initinfo
0000000000024c10 0000000000000778 t Curl_getinfo
0000000000025390 00000000000000a0 t find_host_sep
0000000000025430 000000000000009c t strlen_url
00000000000254d0 00000000000000e0 t strcpy_url
00000000000255b0 0000000000000078 t Curl_checkheaders
0000000000025630 0000000000000228 t Curl_fillreadbuffer
0000000000025860 0000000000000194 t Curl_readrewind
0000000000025a00 0000000000000088 t Curl_meets_timecondition
0000000000025a90 0000000000000f24 t Curl_readwrite
00000000000269c0 000000000000009c t Curl_single_getsock
0000000000026a60 0000000000000014 t Curl_init_CONNECT
0000000000026a80 00000000000001c0 t Curl_pretransfer
0000000000026c40 0000000000000008 t Curl_posttransfer
0000000000026c50 0000000000000594 t Curl_follow
00000000000271f0 0000000000000110 t Curl_retry_request
0000000000027300 0000000000000128 t Curl_setup_transfer
0000000000027430 0000000000000020 t Curl_raw_toupper
0000000000027450 00000000000000b4 t Curl_strcasecompare
0000000000027510 0000000000000020 t Curl_safe_strcasecompare
0000000000027530 00000000000000e0 t Curl_strncasecompare
0000000000027610 0000000000000044 t Curl_strntoupper
0000000000027660 0000000000000004 t curl_strequal
0000000000027670 0000000000000004 t curl_strnequal
0000000000027680 0000000000000038 t Curl_wildcard_init
00000000000276c0 0000000000000078 t Curl_wildcard_dtor
0000000000027740 000000000000000c t Curl_httpchunk_init
0000000000027750 0000000000000448 t Curl_httpchunk_read
0000000000027ba0 0000000000000088 t Curl_chunked_strerror
0000000000027c30 000000000000000c t Curl_llist_init
0000000000027c40 0000000000000074 t Curl_llist_insert_next
0000000000027cc0 0000000000000088 t Curl_llist_remove
0000000000027d50 0000000000000048 t Curl_llist_destroy
0000000000027da0 0000000000000008 t Curl_llist_count
0000000000027db0 000000000000009c t Curl_llist_move
0000000000027e50 0000000000000048 t hash_element_dtor
0000000000027ea0 00000000000000bc t Curl_hash_clean_with_criterium.part.0
0000000000027f60 00000000000000d4 t Curl_hash_init
0000000000028040 0000000000000100 t Curl_hash_add
0000000000028140 00000000000000c0 t Curl_hash_delete
0000000000028200 00000000000000a8 t Curl_hash_pick
00000000000282b0 000000000000006c t Curl_hash_destroy
0000000000028320 0000000000000014 t Curl_hash_clean
0000000000028340 000000000000000c t Curl_hash_clean_with_criterium
0000000000028350 0000000000000030 T Curl_hash_str
0000000000028380 0000000000000038 T Curl_str_key_compare
00000000000283c0 0000000000000010 t Curl_hash_start_iterate
00000000000283d0 0000000000000088 t Curl_hash_next_element
0000000000028460 0000000000000018 t zalloc_cb
0000000000028480 0000000000000014 t zfree_cb
00000000000284a0 0000000000000014 t identity_init_writer
00000000000284c0 0000000000000004 t identity_close_writer
00000000000284d0 0000000000000014 t client_init_writer
00000000000284f0 00000000000000b0 t new_unencoding_writer
00000000000285a0 00000000000000dc t check_gzip_header.part.0
0000000000028680 0000000000000040 t process_zlib_error.isra.1
00000000000286c0 00000000000000dc t gzip_init_writer
00000000000287a0 00000000000000a8 t exit_zlib
0000000000028850 0000000000000058 t process_trailer
00000000000288b0 0000000000000010 t deflate_close_writer
00000000000288c0 0000000000000004 t gzip_close_writer
00000000000288d0 0000000000000080 t deflate_init_writer
0000000000028950 0000000000000020 t client_unencode_write
0000000000028970 0000000000000224 t inflate_stream
0000000000028ba0 00000000000002bc t gzip_unencode_write
0000000000028e60 0000000000000010 t deflate_unencode_write
0000000000028e70 0000000000000004 t client_close_writer
0000000000028e80 0000000000000004 t error_close_writer
0000000000028e90 0000000000000014 t error_init_writer
0000000000028eb0 000000000000001c t identity_unencode_write
0000000000028ed0 000000000000010c t Curl_all_content_encodings
0000000000028fe0 0000000000000064 t error_unencode_write
0000000000029050 0000000000000018 t Curl_unencode_write
0000000000029070 000000000000006c t Curl_unencode_cleanup
00000000000290e0 0000000000000220 t Curl_build_unencoding_stack
0000000000029300 000000000000006c T curl_share_init
0000000000029370 00000000000001c4 T curl_share_setopt
0000000000029540 00000000000000dc T curl_share_cleanup
0000000000029620 0000000000000060 t Curl_share_lock
0000000000029680 0000000000000060 t Curl_share_unlock
00000000000296e0 0000000000000a44 t body
000000000002a130 000000000000002c t MD5_Init
000000000002a160 00000000000001f4 t MD5_Final
000000000002a360 00000000000000f4 t MD5_Update
000000000002a460 0000000000000074 T Curl_md5it
000000000002a4e0 0000000000000080 t Curl_MD5_init
000000000002a560 0000000000000020 t Curl_MD5_update
000000000002a580 0000000000000050 t Curl_MD5_final
000000000002a5d0 00000000000000dc t curlx_strtoofft
000000000002a6b0 0000000000000010 t Curl_ipvalid
000000000002a6c0 00000000000000c8 t Curl_ipv4_resolve_r
000000000002a790 000000000000006c t Curl_getaddrinfo
000000000002a800 0000000000000008 t Curl_set_dns_servers
000000000002a810 0000000000000008 t Curl_set_dns_interface
000000000002a820 0000000000000008 t Curl_set_dns_local_ip4
000000000002a830 0000000000000008 t Curl_set_dns_local_ip6
000000000002a840 0000000000000630 t curl_getdate
000000000002ae70 0000000000000028 t Curl_gmtime
000000000002aea0 0000000000000058 t tftp_disconnect
000000000002af00 000000000000001c t tftp_getsock
000000000002af20 0000000000000324 t tftp_rx
000000000002b250 00000000000001a0 t tftp_set_timeouts
000000000002b3f0 0000000000000064 t tftp_connect_for_rx
000000000002b460 0000000000000374 t tftp_tx
000000000002b7e0 0000000000000064 t tftp_connect_for_tx
000000000002b850 00000000000001a8 t tftp_connect
000000000002ba00 00000000000000b0 t tftp_setup_connection
000000000002bab0 00000000000000ac t tftp_translate_code.part.4
000000000002bb60 0000000000000054 t tftp_done
000000000002bbc0 0000000000000064 t tftp_option_add.isra.6
000000000002bc30 0000000000000444 t tftp_state_machine
000000000002c080 0000000000000638 t tftp_multi_statemach
000000000002c6c0 00000000000000bc t tftp_do
000000000002c780 0000000000000074 t tftp_doing
000000000002c800 000000000000011c t Curl_blockread_all
000000000002c920 0000000000000490 t Curl_SOCKS4
000000000002cdb0 00000000000008a8 t Curl_SOCKS5
000000000002d660 0000000000000064 t Curl_freeaddrinfo
000000000002d6d0 0000000000000160 t Curl_he2ai.part.0
000000000002d830 00000000000001a8 t Curl_getaddrinfo_ex
000000000002d9e0 000000000000000c T Curl_he2ai
000000000002d9f0 0000000000000134 t Curl_ip2addr
000000000002db30 000000000000006c t Curl_str2addr
000000000002dba0 0000000000000048 t Curl_memrchr
000000000002dbf0 0000000000000064 t imap_setup_connection
000000000002dc60 0000000000000158 t imap_sendf
000000000002ddc0 00000000000000b0 t imap_disconnect
000000000002de70 0000000000000054 t imap_multi_statemach
000000000002ded0 0000000000000008 t imap_getsock
000000000002dee0 00000000000000b4 t imap_get_message
000000000002dfa0 00000000000001bc t imap_atom
000000000002e160 00000000000000e0 t imap_perform_list
000000000002e240 0000000000000014 t imap_continue_authenticate
000000000002e260 0000000000000180 t imap_done
000000000002e3e0 000000000000006c t imap_perform_search
000000000002e450 00000000000000a4 t imap_perform_fetch
000000000002e500 00000000000000e4 t imap_matchresp
000000000002e5f0 0000000000000368 t imap_endofresp
000000000002e960 0000000000000024 t imap_perform_authenticate
000000000002e990 000000000000001c t imap_dophase_done.isra.5.part.6
000000000002e9b0 000000000000005c t imap_doing
000000000002ea10 00000000000000a8 t imap_perform_login.part.8
000000000002eac0 00000000000000dc t imap_perform_authentication
000000000002eba0 000000000000008c t imap_state_listsearch_resp.isra.16
000000000002ec30 0000000000000900 t imap_statemach_act
000000000002f530 00000000000001b8 t imap_connect
000000000002f6f0 0000000000000914 t imap_do
0000000000030010 0000000000000064 t pop3_setup_connection
0000000000030080 0000000000000014 t pop3_continue_auth
00000000000300a0 00000000000000b0 t pop3_disconnect
0000000000030150 0000000000000054 t pop3_multi_statemach
00000000000301b0 0000000000000004 t pop3_doing
00000000000301c0 0000000000000008 t pop3_getsock
00000000000301d0 0000000000000080 t pop3_done
0000000000030250 00000000000000b4 t pop3_get_message
0000000000030310 0000000000000028 t pop3_perform_auth
0000000000030340 00000000000000bc t pop3_endofresp
0000000000030400 000000000000012c t pop3_perform_apop.part.10
0000000000030530 0000000000000210 t pop3_connect
0000000000030740 00000000000001a0 t pop3_do
00000000000308e0 0000000000000118 t pop3_perform_authentication
0000000000030a00 0000000000000264 t Curl_pop3_write
0000000000030c70 000000000000068c t pop3_statemach_act
0000000000031300 0000000000000064 t smtp_setup_connection
0000000000031370 0000000000000014 t smtp_continue_auth
0000000000031390 00000000000000a8 t smtp_perform_command
0000000000031440 0000000000000068 t smtp_perform_rcpt_to
00000000000314b0 00000000000000b0 t smtp_disconnect
0000000000031560 0000000000000054 t smtp_multi_statemach
00000000000315c0 0000000000000008 t smtp_getsock
00000000000315d0 00000000000000b4 t smtp_get_message
0000000000031690 0000000000000078 t smtp_parse_url_path
0000000000031710 00000000000001d4 t smtp_done
00000000000318f0 0000000000000028 t smtp_perform_auth
0000000000031920 000000000000001c t smtp_dophase_done.isra.4.part.5
0000000000031940 000000000000005c t smtp_doing
00000000000319a0 00000000000000d8 t smtp_endofresp
0000000000031a80 00000000000000b4 t smtp_perform_authentication
0000000000031b40 00000000000007fc t smtp_statemach_act
0000000000032340 000000000000018c t smtp_connect
00000000000324d0 0000000000000408 t smtp_do
00000000000328e0 0000000000000240 t Curl_smtp_escape_eob
0000000000032b20 0000000000000084 t Curl_pp_state_timeout
0000000000032bb0 00000000000001ac t Curl_pp_statemach
0000000000032d60 000000000000003c t Curl_pp_init
0000000000032da0 00000000000001b0 t Curl_pp_vsendf
0000000000032f50 0000000000000078 t Curl_pp_sendf
0000000000032fd0 000000000000033c t Curl_pp_readresp
0000000000033310 000000000000002c t Curl_pp_getsock
0000000000033340 000000000000009c t Curl_pp_flushsend
00000000000333e0 0000000000000038 t Curl_pp_disconnect
0000000000033420 0000000000000030 t Curl_pp_moredata
0000000000033450 0000000000000010 t rtsp_getsock_do
0000000000033460 000000000000004c t rtsp_setup_connection
00000000000334b0 0000000000000038 t rtsp_disconnect
00000000000334f0 000000000000004c t rtsp_connect
0000000000033540 00000000000000a4 t rtsp_done
00000000000335f0 000000000000084c t rtsp_do
0000000000033e40 00000000000002f4 t rtsp_rtp_readwrite
0000000000034140 000000000000005c t rtsp_connisdead
00000000000341a0 000000000000002c t rtsp_conncheck
00000000000341d0 00000000000001c0 t Curl_rtsp_parseheader
0000000000034390 0000000000000054 t Curl_gethostname
00000000000343f0 0000000000000214 t gopher_do
0000000000034610 0000000000000004 t Curl_sasl_cleanup
0000000000034620 00000000000000f0 t Curl_sasl_decode_mech
0000000000034710 00000000000000d0 t Curl_sasl_parse_url_auth_option
00000000000347e0 000000000000001c t Curl_sasl_init
0000000000034800 000000000000001c t Curl_sasl_can_authenticate
0000000000034820 00000000000003c8 t Curl_sasl_start
0000000000034bf0 00000000000004c8 t Curl_sasl_continue
00000000000350c0 00000000000000f0 t Curl_rand
00000000000351b0 00000000000000a8 t Curl_rand_hex
0000000000035260 0000000000000314 t Curl_dedotdotify
0000000000035580 00000000000001e0 t sha256_compress
0000000000035760 0000000000000260 T Curl_sha256it
00000000000359c0 0000000000000058 t Curl_auth_build_spn
0000000000035a20 000000000000007c T Curl_auth_user_contains_domain
0000000000035aa0 0000000000000144 t Curl_auth_create_plain_message
0000000000035bf0 00000000000000a4 t Curl_auth_create_login_message
0000000000035ca0 0000000000000004 t Curl_auth_create_external_message
0000000000035cb0 0000000000000068 t Curl_auth_decode_cram_md5_message
0000000000035d20 00000000000001c4 t Curl_auth_create_cram_md5_message
0000000000035ef0 00000000000000f0 t Curl_auth_create_oauth_bearer_message
0000000000035fe0 00000000000000cc t Curl_ssl_config_matches
00000000000360b0 0000000000000170 t Curl_clone_primary_ssl_config
0000000000036220 0000000000000084 t Curl_free_primary_ssl_config
00000000000362b0 0000000000000008 t Curl_ssl_backend
00000000000362c0 0000000000000008 T curl_global_sslset
00000000000362d0 0000000000000050 t file_setup_connection
0000000000036320 000000000000005c t file_disconnect
0000000000036380 000000000000005c t file_done
00000000000363e0 0000000000000108 t file_connect
00000000000364f0 00000000000005ec t file_do
0000000000036ae0 00000000000000a8 t setname
0000000000036b90 00000000000002e4 t Curl_getformdata.part.0
0000000000036e80 0000000000000bd4 T curl_formadd
0000000000037a60 00000000000000fc T curl_formget
0000000000037b60 00000000000000ac t curl_formfree
0000000000037c10 000000000000004c t Curl_getformdata
0000000000037c60 00000000000000a4 t freedirs
0000000000037d10 0000000000000064 t ftp_state_user
0000000000037d80 0000000000000124 t ftp_disconnect
0000000000037eb0 000000000000003c t ftp_multi_statemach
0000000000037ef0 0000000000000008 t ftp_getsock
0000000000037f00 00000000000000a8 t ftp_connect
0000000000037fb0 0000000000000190 t ftp_state_retr
0000000000038140 00000000000000a8 t ftp_state_use_pasv
00000000000381f0 000000000000022c t ftp_state_ul_setup
0000000000038420 000000000000004c t isBadFtpString
0000000000038470 00000000000006b0 t ftp_state_use_port
0000000000038b20 0000000000000074 t ftp_timeleft_accept
0000000000038ba0 0000000000000158 t AcceptServerConnect
0000000000038d00 00000000000000b8 t InitiateTransfer
0000000000038dc0 0000000000000034 t wc_data_dtor
0000000000038e00 000000000000042c t ftp_parse_url_path
0000000000039230 0000000000000160 t ftp_setup_connection
0000000000039390 0000000000000074 t ftp_state_loggedin
0000000000039410 0000000000000144 t ftp_state_user_resp.isra.2
0000000000039560 00000000000000a4 t ftp_domore_getsock
0000000000039610 000000000000008c t ftp_endofresp
00000000000396a0 0000000000000094 t ftp_epsv_disable
0000000000039740 00000000000004a0 t ftp_state_pasv_resp
0000000000039be0 0000000000000064 t ftp_state_rest
0000000000039c50 0000000000000064 t ftp_state_size
0000000000039cc0 0000000000000054 t ftp_state_type
0000000000039d20 0000000000000064 t ftp_state_mdtm
0000000000039d90 0000000000000260 t ftp_state_quote
0000000000039ff0 00000000000000e4 t ftp_state_prepare_transfer
000000000003a0e0 0000000000000290 t ftp_state_type_resp
000000000003a370 000000000000007c t ftp_nb_type
000000000003a3f0 0000000000000214 t Curl_GetFTPResponse
000000000003a610 0000000000000168 t ReceivedServerConnect
000000000003a780 00000000000000e0 t AllowServerConnect
000000000003a860 00000000000002d0 t ftp_do_more
000000000003ab30 00000000000000c8 t ftp_dophase_done
000000000003ac00 0000000000000064 t ftp_doing
000000000003ac70 0000000000001008 t ftp_statemach_act
000000000003bc80 0000000000000720 t ftp_do
000000000003c3a0 0000000000000634 t ftp_done
000000000003c9e0 00000000000000e4 T Curl_ftpsend
000000000003cad0 0000000000000018 t Curl_fileinfo_alloc
000000000003caf0 0000000000000044 t Curl_fileinfo_dtor
000000000003cb40 0000000000000168 t ftp_pl_insert_finfo.isra.0
000000000003ccb0 0000000000000018 t Curl_ftp_parselist_data_alloc
000000000003ccd0 0000000000000034 t Curl_ftp_parselist_data_free
000000000003cd10 0000000000000008 t Curl_ftp_parselist_geterror
000000000003cd20 0000000000000f84 T Curl_ftp_parselist
000000000003dcb0 0000000000000190 t Curl_HMAC_init
000000000003de40 0000000000000020 t Curl_HMAC_update
000000000003de60 000000000000008c t Curl_HMAC_final
000000000003def0 0000000000000134 t Curl_range
000000000003e030 0000000000000050 t charclass
000000000003e080 00000000000000f8 t setcharorrange
000000000003e180 000000000000061c t loop
000000000003e7a0 0000000000000024 T Curl_fnmatch
000000000003e7d0 0000000000000160 t updatewindow
000000000003e930 0000000000000048 t inflateStateCheck.part.0
000000000003e980 0000000000000098 T inflateResetKeep
000000000003ea20 0000000000000054 T inflateReset
000000000003ea80 00000000000000c4 T inflateReset2
000000000003eb50 0000000000000118 T inflateInit2_
000000000003ec70 0000000000000010 T inflateInit_
000000000003ec80 000000000000009c T inflatePrime
000000000003ed20 0000000000001934 T inflate
0000000000040660 000000000000007c T inflateEnd
00000000000406e0 00000000000000dc T inflateGetDictionary
00000000000407c0 00000000000000f8 T inflateSetDictionary
00000000000408c0 0000000000000058 T inflateGetHeader
0000000000040920 00000000000002cc T inflateSync
0000000000040bf0 0000000000000068 T inflateSyncPoint
0000000000040c60 0000000000000220 T inflateCopy
0000000000040e80 0000000000000054 T inflateUndermine
0000000000040ee0 0000000000000060 T inflateValidate
0000000000040f40 0000000000000088 T inflateMark
0000000000040fd0 0000000000000058 T inflateCodesUsed
0000000000041030 0000000000000480 t inflate_table
00000000000414b0 000000000000000c T zlibVersion
00000000000414c0 0000000000000008 T zlibCompileFlags
00000000000414d0 0000000000000018 T zError
00000000000414f0 0000000000000008 T zcalloc
0000000000041500 0000000000000008 T zcfree
0000000000041510 00000000000000e4 t adler32_combine_
0000000000041600 00000000000003a0 T adler32_z
00000000000419a0 0000000000000008 T adler32
00000000000419b0 0000000000000004 T adler32_combine
00000000000419c0 0000000000000004 T adler32_combine64
00000000000419d0 00000000000001e0 t crc32_combine_
0000000000041bb0 000000000000000c T get_crc_table
0000000000041bc0 000000000000030c T crc32_z
0000000000041ed0 0000000000000008 T crc32
0000000000041ee0 0000000000000004 T crc32_combine
0000000000041ef0 0000000000000004 T crc32_combine64
0000000000041f00 0000000000000500 t inflate_fast
0000000000042400 000000000000022c t ipcParse
0000000000042630 0000000000000034 t ipcCloseObjectById
0000000000042670 00000000000001d8 t _appletGetSession
0000000000042850 000000000000019c t _appletReceiveMessage
00000000000429f0 000000000000018c t _appletGetPerformanceMode.constprop.35
0000000000042b80 0000000000000164 t _appletSetOperationModeChangedNotification.constprop.37
0000000000042cf0 0000000000000164 t _appletSetPerformanceModeChangedNotification.constprop.38
0000000000042e60 000000000000016c t _appletSetOutOfFocusSuspendingEnabled
0000000000042fd0 0000000000000178 t _appletGetHandle.constprop.33
0000000000043150 0000000000000054 t _appletGetEvent.constprop.32
00000000000431b0 0000000000000050 t _appletWaitLibraryAppletLaunchableEvent
0000000000043200 000000000000017c t _appletSetFocusHandlingMode
0000000000043380 00000000000001d8 t _appletCmdInSession
0000000000043560 00000000000001c4 t _appletGetSessionIn64.constprop.30
0000000000043730 00000000000001f0 t _appletGetSessionProxy.constprop.31
0000000000043920 00000000000001c4 t _appletCreateLibraryApplet
0000000000043af0 00000000000001e4 t _appletCreateTransferMemoryStorage.isra.20
0000000000043ce0 00000000000003f8 t _appletStorageAccessorRW
00000000000440e0 00000000000000c4 t ipcConvertSessionToDomain
00000000000441b0 00000000000000c8 t ipcQueryPointerBufferSize
0000000000044280 0000000000000108 t _appletStorageRW
0000000000044390 000000000000010c t ipcCloneSession.constprop.42
00000000000444a0 0000000000000384 t _appletCmdNoIO
0000000000044830 0000000000000394 t _appletCmdNoInOut64
0000000000044bd0 00000000000003ac t _appletGetCurrentFocusState.constprop.36
0000000000044f80 00000000000003ac t _appletGetOperationMode.constprop.34
0000000000045330 0000000000000010 T appletGetAppletType
0000000000045340 000000000000000c T appletGetThemeColorType
0000000000045350 00000000000000ec T appletSetFocusHandlingMode
0000000000045440 0000000000000028 T appletGetAppletResourceUserId
0000000000045470 0000000000000190 t _appletGetIndirectLayerConsumerHandle
0000000000045600 00000000000000bc t _appletHolderCreate
00000000000456c0 0000000000000038 T appletEndBlockingHomeButton
0000000000045700 00000000000001b0 T appletNotifyRunning
00000000000458b0 00000000000001a8 T appletSetGamePlayRecordingState
0000000000045a60 000000000000069c T appletExit
0000000000046100 00000000000004f0 T appletInitialize
00000000000465f0 0000000000000010 t _appletExitProcess
0000000000046600 0000000000000014 T appletCreateManagedDisplayLayer
0000000000046620 0000000000000008 T appletCreateLibraryApplet
0000000000046630 0000000000000094 T appletHolderClose
00000000000466d0 0000000000000050 T appletHolderStart
0000000000046720 0000000000000084 T appletHolderJoin
00000000000467b0 0000000000000008 T appletHolderGetExitReason
00000000000467c0 0000000000000088 T appletHolderWaitInteractiveOut
0000000000046850 0000000000000018 T appletHolderPopOutData
0000000000046870 0000000000000018 T appletHolderPopInteractiveOutData
0000000000046890 0000000000000014 T appletCreateStorage
00000000000468b0 00000000000000a8 T appletCreateTransferMemoryStorage
0000000000046960 000000000000006c T appletStorageClose
00000000000469d0 0000000000000040 T appletHolderPushInteractiveInData
0000000000046a10 0000000000000040 T appletHolderPushInData
0000000000046a50 0000000000000008 T appletStorageCloseTmem
0000000000046a60 0000000000000008 T appletStorageWrite
0000000000046a70 0000000000000008 T appletStorageRead
0000000000046a80 000000000000017c T appletMainLoop
0000000000046c00 0000000000000034 t ipcCloseObjectById
0000000000046c40 0000000000000124 t _hidGetSharedMemoryHandle.constprop.10
0000000000046d70 0000000000000134 t _hidCreateAppletResource.constprop.9
0000000000046eb0 0000000000000100 t _hidCmdWithNoInput
0000000000046fb0 000000000000010c t _hidCmdWithInputU32
00000000000470c0 0000000000000108 t _hidCmdWithInputU64.constprop.11
00000000000471d0 00000000000001d0 T hidReset
00000000000473a0 000000000000000c T hidGetSharedmemAddr
00000000000473b0 000000000000006c T hidKeysDown
0000000000047420 000000000000000c T hidTouchCount
0000000000047430 0000000000000560 T hidScanInput
0000000000047990 0000000000000198 T hidSetSupportedNpadIdType
0000000000047b30 000000000000000c T hidSetSupportedNpadStyleSet
0000000000047b40 0000000000000008 T hidSetNpadJoyHoldType
0000000000047b50 000000000000000c T hidSetNpadJoyAssignmentModeDual
0000000000047b60 000000000000012c T hidExit
0000000000047c90 0000000000000168 T hidInitialize
0000000000047e00 0000000000000034 t ipcCloseObjectById
0000000000047e40 0000000000000124 t _apmGetSession.constprop.4
0000000000047f70 00000000000000f0 T apmExit
0000000000048060 000000000000008c T apmInitialize
00000000000480f0 00000000000000cc T apmSetPerformanceConfiguration
00000000000481c0 0000000000000044 T smAddOverrideHandle
0000000000048210 0000000000000060 T smGetServiceOverride
0000000000048270 0000000000000014 T smHasInitialized
0000000000048290 000000000000005c T smExit
00000000000482f0 0000000000000038 T smEncodeName
0000000000048330 000000000000012c T smGetServiceOriginal
0000000000048460 0000000000000158 T smInitialize
00000000000485c0 0000000000000074 T smGetService
0000000000048640 0000000000000140 t _fatalImpl
0000000000048780 0000000000000014 T fatalWithType
00000000000487a0 0000000000000014 T fatalSimple
00000000000487c0 0000000000000030 t _swkbdConfigClear
00000000000487f0 0000000000000048 t _swkbdConvertToUTF16.part.0
0000000000048840 0000000000000110 T swkbdCreate
0000000000048950 0000000000000030 T swkbdClose
0000000000048980 0000000000000054 T swkbdConfigMakePresetDefault
00000000000489e0 0000000000000018 T swkbdConfigSetGuideText
0000000000048a00 0000000000000390 T swkbdShow
0000000000048d90 0000000000000208 T envSetup
0000000000048fa0 0000000000000020 T envGetMainThreadHandle
0000000000048fc0 000000000000000c T envIsNso
0000000000048fd0 0000000000000014 T envHasHeapOverride
0000000000048ff0 000000000000000c T envGetHeapOverrideAddr
0000000000049000 000000000000000c T envGetHeapOverrideSize
0000000000049010 0000000000000014 T envHasArgv
0000000000049030 000000000000000c T envGetArgv
0000000000049040 000000000000000c T envGetExitFuncPtr
0000000000049050 000000000000000c T envSetExitFuncPtr
0000000000049060 0000000000000240 t _socketInetAtonDetail
00000000000492a0 0000000000000054 t inet_pton4
0000000000049300 00000000000000a8 t _socketParseBsdResult.part.0
00000000000493b0 0000000000000048 t _socketRead
0000000000049400 0000000000000048 t _socketWrite
0000000000049450 000000000000003c t _socketClose
0000000000049490 000000000000007c t _socketOpen
0000000000049510 0000000000000110 t inet_ntop4
0000000000049620 0000000000000080 t _socketGetFd
00000000000496a0 000000000000000c T socketGetDefaultInitConfig
00000000000496b0 0000000000000020 T socketExit
00000000000496d0 0000000000000108 T socketInitialize
00000000000497e0 00000000000001bc T poll
00000000000499a0 00000000000000a4 T socket
0000000000049a50 0000000000000050 T recv
0000000000049aa0 0000000000000058 T recvfrom
0000000000049b00 0000000000000050 T send
0000000000049b50 0000000000000058 T sendto
0000000000049bb0 00000000000000ac T accept
0000000000049c60 0000000000000054 T bind
0000000000049cc0 0000000000000054 T connect
0000000000049d20 000000000000004c T getpeername
0000000000049d70 000000000000004c T getsockname
0000000000049dc0 0000000000000054 T getsockopt
0000000000049e20 000000000000004c T listen
0000000000049e70 000000000000005c T setsockopt
0000000000049ed0 00000000000000d0 T fcntl
0000000000049fa0 0000000000000244 T ioctl
000000000004a1f0 0000000000000378 T inet_ntop
000000000004a570 0000000000000280 T inet_pton
000000000004a7f0 0000000000000030 T freeaddrinfo
000000000004a820 0000000000000510 T getaddrinfo
000000000004ad30 000000000000002c T gethostid
000000000004ad60 0000000000000038 T gethostname
000000000004ada0 0000000000000044 t consoleDrawChar
000000000004adf0 0000000000000140 t consoleClearLine
000000000004af30 000000000000004c t consoleNewRow
000000000004af80 0000000000000118 t consolePrintChar
000000000004b0a0 000000000000015c t consoleCls
000000000004b200 00000000000007e0 t con_write
000000000004b9e0 000000000000011c T consoleInit
000000000004bb00 0000000000000048 T consoleExit
000000000004bb50 0000000000000028 T consoleUpdate
000000000004bb80 000000000000000c T consoleClear
000000000004bb90 0000000000000070 t ConsoleSwRenderer_flushAndSwap
000000000004bc00 00000000000000c4 t ConsoleSwRenderer_scrollWindow
000000000004bcd0 0000000000000188 t ConsoleSwRenderer_drawChar
000000000004be60 000000000000003c t ConsoleSwRenderer_deinit
000000000004bea0 00000000000000f4 t ConsoleSwRenderer_init
000000000004bfa0 000000000000000c W getDefaultConsoleRenderer
000000000004bfb0 0000000000000030 T _convert_errno
000000000004bfe0 000000000000010c T utf8_to_utf16
000000000004c0f0 000000000000012c T decode_utf8
000000000004c220 0000000000000138 T utf16_to_utf8
000000000004c358 T svcSetHeapSize
000000000004c36c T svcSetMemoryAttribute
000000000004c374 T svcUnmapMemory
000000000004c37c T svcQueryMemory
000000000004c390 T svcExitProcess
000000000004c398 T svcSleepThread
000000000004c3a0 T svcMapSharedMemory
000000000004c3a8 T svcUnmapSharedMemory
000000000004c3b0 T svcCreateTransferMemory
000000000004c3c4 T svcCloseHandle
000000000004c3cc T svcResetSignal
000000000004c3d4 T svcWaitSynchronization
000000000004c3e8 T svcArbitrateLock
000000000004c3f0 T svcArbitrateUnlock
000000000004c3f8 T svcConnectToNamedPort
000000000004c40c T svcSendSyncRequest
000000000004c414 T svcBreak
000000000004c41c T svcReturnFromException
000000000004c424 T svcGetInfo
000000000004c438 T svcUnmapTransferMemory
000000000004c440 T __aarch64_read_tp
000000000004c450 0000000000000180 t _CacheValues
000000000004c5d0 000000000000001c T kernelAbove200
000000000004c5f0 000000000000001c T kernelAbove300
000000000004c610 000000000000001c T kernelAbove400
000000000004c630 000000000000001c T kernelAbove500
000000000004c650 0000000000000030 T detectDebugger
000000000004c680 00000000000000a8 T tmemCreate
000000000004c730 000000000000002c T tmemCreateFromMemory
000000000004c760 0000000000000058 T tmemUnmap
000000000004c7c0 0000000000000068 T tmemClose
000000000004c830 0000000000000104 t _waitLoop
000000000004c940 0000000000000334 t _waitObjectsImpl
000000000004cc80 000000000000000c T waitObjects
000000000004cc90 000000000000004c T rwlockReadLock
000000000004cce0 000000000000004c T rwlockReadUnlock
000000000004cd30 0000000000000008 T rwlockWriteLock
000000000004cd40 0000000000000008 T rwlockWriteUnlock
000000000004cd50 000000000000008c T mutexLock
000000000004cde0 0000000000000030 T mutexUnlock
000000000004ce10 000000000000004c T rmutexLock
000000000004ce60 000000000000001c T rmutexUnlock
000000000004ce80 0000000000000014 T shmemLoadRemote
000000000004cea0 0000000000000084 T shmemMap
000000000004cf30 0000000000000058 T shmemUnmap
000000000004cf90 0000000000000044 T shmemClose
000000000004cfe0 000000000000007c t _GetRegionFromInfo.isra.1
000000000004d060 0000000000000114 T virtmemSetup
000000000004d180 000000000000013c T virtmemReserve
000000000004d2c0 0000000000000004 T virtmemFree
000000000004d2d0 000000000000000c T eventLoadRemote
000000000004d2e0 0000000000000038 T eventWait
000000000004d320 0000000000000050 T eventClose
000000000004d370 0000000000000034 t ipcCloseObjectById
000000000004d3b0 000000000000050c t _sfdnsresDispatchCommand
000000000004d8c0 000000000000006c t _sfdnsresDispatchDnsRequest.constprop.4
000000000004d930 00000000000000f8 T sfdnsresGetAddrInfo
000000000004da30 0000000000000034 t ipcCloseObjectById
000000000004da70 0000000000000120 t _bsdRegisterClient.isra.5.constprop.11
000000000004db90 0000000000000308 t _bsdDispatchBasicCommand.isra.6
000000000004dea0 0000000000000044 t _bsdSocketCreationCommand
000000000004def0 0000000000000044 t _bsdDispatchCommandWithOutAddrlen.isra.7
000000000004df40 00000000000000fc t _bsdNameGetterCommand
000000000004e040 00000000000000c8 t ipcQueryPointerBufferSize.constprop.10
000000000004e110 00000000000000f8 t _bsdStartMonitor.constprop.9
000000000004e210 00000000000000f0 T bsdExit
000000000004e300 000000000000014c T bsdInitialize
000000000004e450 0000000000000014 T bsdSocket
000000000004e470 00000000000000c4 T bsdOpen
000000000004e540 000000000000013c T bsdPoll
000000000004e680 00000000000000fc T bsdRecv
000000000004e780 0000000000000198 T bsdRecvFrom
000000000004e920 00000000000000bc T bsdSend
000000000004e9e0 00000000000001b0 T bsdSendTo
000000000004eb90 0000000000000014 T bsdAccept
000000000004ebb0 00000000000000a8 T bsdBind
000000000004ec60 00000000000000a8 T bsdConnect
000000000004ed10 0000000000000014 T bsdGetPeerName
000000000004ed30 0000000000000014 T bsdGetSockName
000000000004ed50 0000000000000104 T bsdGetSockOpt
000000000004ee60 0000000000000040 T bsdListen
000000000004eea0 00000000000003bc T bsdIoctl
000000000004f260 0000000000000090 T bsdFcntl
000000000004f2f0 00000000000000ac T bsdSetSockOpt
000000000004f3a0 00000000000000bc T bsdWrite
000000000004f460 00000000000000fc T bsdRead
000000000004f560 0000000000000040 T bsdClose
000000000004f5a0 0000000000000034 t ipcCloseObjectById
000000000004f5e0 00000000000000c4 t ipcConvertSessionToDomain
000000000004f6b0 000000000000010c t ipcCloneSession.constprop.14
000000000004f7c0 000000000000028c t _nifmCreateGeneralService.constprop.11
000000000004fa50 000000000000028c t _nifmCreateGeneralServiceOld.constprop.12
000000000004fce0 00000000000000f0 T nifmExit
000000000004fdd0 00000000000000d4 T nifmInitialize
000000000004feb0 00000000000001bc T nifmGetCurrentIpAddress
0000000000050070 000000000000000c T nwindowGetDefault
0000000000050080 00000000000000c8 T __nx_win_init
0000000000050150 0000000000000034 T __nx_win_exit
0000000000050190 0000000000000080 T framebufferMakeLinear
0000000000050210 0000000000000078 T framebufferClose
0000000000050290 0000000000000298 T framebufferCreate
0000000000050530 0000000000000080 T framebufferBegin
00000000000505b0 000000000000017c T framebufferEnd
0000000000050730 0000000000000054 t _nwindowConnect
0000000000050790 0000000000000040 t _nwindowDisconnect
00000000000507d0 0000000000000024 T nwindowIsValid
0000000000050800 000000000000006c T nwindowClose
0000000000050870 00000000000000c4 T nwindowCreate
0000000000050940 000000000000000c T nwindowCreateFromLayer
0000000000050950 0000000000000088 T nwindowSetDimensions
00000000000509e0 0000000000000154 T nwindowConfigureBuffer
0000000000050b40 00000000000001e4 T nwindowDequeueBuffer
0000000000050d30 0000000000000144 T nwindowQueueBuffer
0000000000050e80 00000000000000ac T nwindowReleaseBuffers
0000000000050f30 000000000000006c t _libappletCreateWriteStorage
0000000000050fa0 0000000000000040 T libappletArgsCreate
0000000000050fe0 0000000000000048 T libappletArgsPush
0000000000051030 0000000000000038 T libappletPushInData
0000000000051070 00000000000000a0 T __nx_dynamic
0000000000051110 00000000000000d8 W __libnx_initheap
00000000000511f0 00000000000000a0 W __appInit
0000000000051290 0000000000000044 W __appExit
00000000000512e0 0000000000000028 W __libnx_init
0000000000051310 0000000000000020 W __libnx_exit
0000000000051330 0000000000000008 t mutexInit
0000000000051340 000000000000000c t rmutexInit
0000000000051350 000000000000008c T __libnx_gtod
00000000000513e0 0000000000000020 T __libnx_clock_settime
0000000000051400 0000000000000028 T __libnx_nanosleep
0000000000051430 0000000000000034 t __libnx_get_reent
0000000000051470 00000000000000f8 T __libnx_clock_gettime
0000000000051570 0000000000000058 T __libnx_clock_getres
00000000000515d0 000000000000027c T __libnx_init_time
0000000000051850 0000000000000118 T newlibSetup
0000000000051970 0000000000000368 T argvSetup
0000000000051ce0 0000000000000010 t fsdev_link
0000000000051cf0 0000000000000010 t fsdev_dirreset
0000000000051d00 0000000000000010 t fsdev_chmod
0000000000051d10 000000000000001c t error_cmp
0000000000051d30 0000000000000058 t fsdev_translate_error
0000000000051d90 0000000000000040 t fsdev_fsync
0000000000051dd0 0000000000000060 t fsdev_ftruncate
0000000000051e30 0000000000000020 t fsdev_dirclose
0000000000051e50 000000000000016c t fsdev_dirnext
0000000000051fc0 000000000000001c t fsdev_close
0000000000051fe0 00000000000000a4 t fsdev_fstat
0000000000052090 00000000000000b0 t fsdev_seek
0000000000052140 0000000000000198 t fsdev_read
00000000000522e0 00000000000001a0 t fsdev_write
0000000000052480 0000000000000120 t fsdevFindDevice
00000000000525a0 0000000000000168 t _fsdevMountDevice
0000000000052710 00000000000001fc t fsdev_getfspath
0000000000052910 0000000000000070 t fsdev_rmdir
0000000000052980 00000000000000d4 t fsdev_statvfs
0000000000052a60 00000000000000ec t fsdev_diropen
0000000000052b50 0000000000000070 t fsdev_mkdir
0000000000052bc0 0000000000000114 t fsdev_rename
0000000000052ce0 00000000000000e8 t fsdev_chdir
0000000000052dd0 0000000000000070 t fsdev_unlink
0000000000052e40 00000000000001bc t fsdev_stat
0000000000053000 000000000000019c t fsdev_open
00000000000531a0 00000000000000b8 t _fsdevUnmountDeviceStruct.part.4
0000000000053260 0000000000000010 t fsdev_fchmod
0000000000053270 0000000000000158 T fsdevMountSdmc
00000000000533d0 0000000000000064 T fsdevUnmountAll
0000000000053440 000000000000005c T encode_utf16
00000000000534a0 00000000000000dc T encode_utf8
0000000000053580 0000000000000064 T decode_utf16
00000000000535e4 T armDCacheFlush
0000000000053608 t armDCacheFlush_L0
0000000000053620 W __libnx_exception_entry
00000000000536ac t __libnx_exception_entry_start
00000000000537d4 t __libnx_exception_entry_abort
00000000000537d8 t __libnx_exception_entry_end
00000000000537e0 T __libnx_exception_returnentry
0000000000053800 0000000000000034 t ipcCloseObjectById
0000000000053840 000000000000012c t _timeGetSession
0000000000053970 00000000000001ec T timeExit
0000000000053b60 00000000000000d8 T timeInitialize
0000000000053c40 0000000000000124 T timeGetCurrentTime
0000000000053d70 0000000000000118 T timeToCalendarTimeWithMyRule
0000000000053e90 0000000000000034 t ipcCloseObjectById
0000000000053ed0 0000000000000134 t _viGetSession.constprop.7
0000000000054010 00000000000001e4 T viExit
0000000000054200 00000000000002d4 T viInitialize
00000000000544e0 000000000000000c T viGetSession_IHOSBinderDriverRelay
00000000000544f0 0000000000000140 T viOpenDisplay
0000000000054630 0000000000000104 T viCloseDisplay
0000000000054740 0000000000000104 T viCloseLayer
0000000000054850 0000000000000334 T viCreateLayer
0000000000054b90 00000000000000e8 T viSetLayerScalingMode
0000000000054c80 0000000000000220 t ipcPrepareHeader
0000000000054ea0 000000000000022c t ipcParse
00000000000550d0 00000000000000b0 t serviceIpcParse
0000000000055180 0000000000000034 t ipcCloseObjectById
00000000000551c0 0000000000000200 T fsInitialize
00000000000553c0 000000000000009c T fsExit
0000000000055460 000000000000013c T fsMountSdcard
00000000000555a0 0000000000000120 T fsFsCreateFile
00000000000556c0 0000000000000118 T fsFsDeleteFile
00000000000557e0 0000000000000118 T fsFsCreateDirectory
0000000000055900 0000000000000118 T fsFsDeleteDirectory
0000000000055a20 0000000000000190 T fsFsRenameFile
0000000000055bb0 0000000000000190 T fsFsRenameDirectory
0000000000055d40 000000000000012c T fsFsGetEntryType
0000000000055e70 0000000000000150 T fsFsOpenFile
0000000000055fc0 0000000000000150 T fsFsOpenDirectory
0000000000056110 000000000000012c T fsFsGetFreeSpace
0000000000056240 000000000000012c T fsFsGetTotalSpace
0000000000056370 0000000000000190 T fsFsGetFileTimeStampRaw
0000000000056500 000000000000006c T fsFsClose
0000000000056570 0000000000000170 T fsFileRead
00000000000566e0 000000000000010c T fsFileWrite
00000000000567f0 00000000000000e8 T fsFileFlush
00000000000568e0 00000000000000f0 T fsFileSetSize
00000000000569d0 0000000000000100 T fsFileGetSize
0000000000056ad0 000000000000006c T fsFileClose
0000000000056b40 000000000000006c T fsDirClose
0000000000056bb0 000000000000016c T fsDirRead
0000000000056d20 0000000000000034 t ipcCloseObjectById
0000000000056d60 00000000000000c8 t ipcQueryPointerBufferSize.constprop.10
0000000000056e30 000000000000010c t ipcCloneSession.constprop.9
0000000000056f40 00000000000000d8 t _nvSetClientPID
0000000000057020 00000000000000f0 t _nvInitialize.constprop.8
0000000000057110 0000000000000100 T nvExit
0000000000057210 0000000000000184 T nvInitialize
00000000000573a0 000000000000012c T nvConvertError
00000000000574d0 000000000000012c T nvOpen
0000000000057600 0000000000000270 T nvIoctl
0000000000057870 00000000000000dc T nvClose
0000000000057950 000000000000015c T nvQueryEvent
0000000000057ab0 0000000000000060 t _nvFenceEventWaitCommon
0000000000057b10 000000000000005c T nvFenceInit
0000000000057b70 0000000000000098 T nvFenceExit
0000000000057c10 00000000000001e0 T nvFenceWait
0000000000057df0 000000000000007c T nvMultiFenceWait
0000000000057e70 000000000000006c T nvMapInit
0000000000057ee0 0000000000000068 T nvMapExit
0000000000057f50 0000000000000084 T nvMapClose
0000000000057fe0 0000000000000150 T nvMapCreate
0000000000058130 0000000000000024 T nvioctlNvhostCtrl_EventSignal
0000000000058160 000000000000003c T nvioctlNvhostCtrl_EventWait
00000000000581a0 0000000000000028 T nvioctlNvhostCtrl_EventWaitAsync
00000000000581d0 0000000000000024 T nvioctlNvhostCtrl_EventRegister
0000000000058200 0000000000000024 T nvioctlNvhostCtrl_EventUnregister
0000000000058230 000000000000003c T nvioctlNvmap_Create
0000000000058270 0000000000000030 T nvioctlNvmap_Alloc
00000000000582a0 0000000000000030 T nvioctlNvmap_Free
00000000000582d0 000000000000003c T nvioctlNvmap_GetId
0000000000058310 00000000000000e8 T bqRequestBuffer
0000000000058400 0000000000000154 T bqDequeueBuffer
0000000000058560 000000000000009c T bqDetachBuffer
0000000000058600 00000000000000e0 T bqQueueBuffer
00000000000586e0 0000000000000090 T bqCancelBuffer
0000000000058770 00000000000000e4 T bqConnect
0000000000058860 000000000000009c T bqDisconnect
0000000000058900 0000000000000178 T bqSetPreallocatedBuffer
0000000000058a80 0000000000000248 t _binderTransactParcelAuto
0000000000058cd0 00000000000000c8 t ipcQueryPointerBufferSize
0000000000058da0 0000000000000138 t _binderTransactParcel
0000000000058ee0 0000000000000014 T binderCreate
0000000000058f00 0000000000000010 T binderTransactParcel
0000000000058f10 0000000000000124 T binderConvertErrorCode
0000000000059040 00000000000000e8 T binderAdjustRefcount
0000000000059130 0000000000000074 T binderClose
00000000000591b0 00000000000000c4 T binderInitSession
0000000000059280 0000000000000144 T binderGetNativeHandle
00000000000593d0 0000000000000028 T parcelCreate
0000000000059400 000000000000019c T parcelTransact
00000000000595a0 0000000000000088 T parcelWriteData
0000000000059630 0000000000000098 T parcelReadData
00000000000596d0 0000000000000020 T parcelWriteInt32
00000000000596f0 0000000000000020 T parcelWriteUInt32
0000000000059710 0000000000000080 T parcelWriteString16
0000000000059790 0000000000000030 T parcelWriteInterfaceToken
00000000000597c0 0000000000000024 T parcelReadInt32
00000000000597f0 0000000000000068 T parcelReadFlattenedObject
0000000000059860 0000000000000044 T parcelWriteFlattenedObject
00000000000598b0 00000000000000c4 T nxlinkSetup
0000000000059978 0000000000000048 T access
00000000000599c0 0000000000000038 T aligned_alloc
00000000000599f8 000000000000001c T atoi
0000000000059a18 00000000000000b8 T bsearch
0000000000059ad0 0000000000000030 T calloc
0000000000059b00 0000000000000094 T _calloc_r
0000000000059b98 0000000000000014 T __errno
0000000000059bb0 000000000000015c T _fclose_r
0000000000059d10 000000000000001c T fclose
0000000000059d30 0000000000000214 T __sflush_r
0000000000059f48 00000000000000b8 T _fflush_r
000000000005a000 0000000000000040 T fflush
000000000005a040 00000000000001b0 T _fgets_r
000000000005a1f0 000000000000003c T fgets
000000000005a230 00000000000000a8 T fileno
000000000005a2d8 0000000000000078 t std
000000000005a350 000000000000000c T _cleanup_r
000000000005a360 0000000000000060 T __sfmoreglue
000000000005a3c0 000000000000000c T __sfp_lock_acquire
000000000005a3d0 000000000000000c T __sfp_lock_release
000000000005a3e0 000000000000000c T __sinit_lock_acquire
000000000005a3f0 000000000000000c T __sinit_lock_release
000000000005a400 0000000000000080 T __sinit
000000000005a480 0000000000000118 T __sfp
000000000005a598 0000000000000044 T __libc_fini_array
000000000005a5e0 0000000000000130 T _fopen_r
000000000005a710 0000000000000030 T fopen
000000000005a740 00000000000000a4 T fputc
000000000005a7e8 00000000000000b4 T _fputs_r
000000000005a8a0 0000000000000030 T fputs
000000000005a8d0 0000000000000328 T _fread_r
000000000005abf8 0000000000000040 T fread
000000000005ac38 0000000000000118 T _malloc_trim_r
000000000005ad50 00000000000002f4 T _free_r
000000000005b048 0000000000000094 T fscanf
000000000005b0e0 0000000000000004 T _fseek_r
000000000005b0e8 000000000000003c T fseek
000000000005b128 00000000000004c4 T _fseeko_r
000000000005b5f0 00000000000004b8 T __sfvwrite_r
000000000005baa8 00000000000000b8 T _fwalk
000000000005bb60 00000000000000bc T _fwalk_reent
000000000005bc20 00000000000000e0 T _fwrite_r
000000000005bd00 0000000000000040 T fwrite
000000000005bd40 0000000000000024 T getenv
000000000005bd68 0000000000000100 T _findenv_r
000000000005be68 0000000000000290 T gmtime_r
000000000005c0f8 000000000000008c T __libc_init_array
000000000005c188 000000000000002c T __locale_mb_cur_max
000000000005c1b8 0000000000000008 T __locale_ctype_ptr_l
000000000005c1c0 000000000000002c T __locale_ctype_ptr
000000000005c1f0 00000000000000a4 T __swhatbuf_r
000000000005c298 000000000000010c T __smakebuf_r
000000000005c3a8 0000000000000030 T memalign
000000000005c3d8 0000000000000198 T _memalign_r
000000000005c570 000000000000001c T malloc
000000000005c590 000000000000001c T free
000000000005c5b0 0000000000000844 T _malloc_r
000000000005cdf8 00000000000002c8 T __utf8_mbtowc
000000000005d0c0 00000000000000d8 T memchr
000000000005d1c0 00000000000000b0 T memcmp
000000000005d280 000000000000016c T memcpy
000000000005d400 00000000000000ac T memmove
000000000005d4c0 00000000000001d8 T memset
000000000005d698 000000000000000c T __malloc_lock
000000000005d6a8 000000000000000c T __malloc_unlock
000000000005d6b8 000000000000008c T printf
000000000005d748 00000000000000e0 T _putc_r
000000000005d828 00000000000000d4 T _puts_r
000000000005d900 000000000000001c T puts
000000000005d920 00000000000008ec T qsort
000000000005d920 00000000000008ec t qsort.localalias.3
000000000005e210 0000000000000030 T realloc
000000000005e240 000000000000056c T _realloc_r
000000000005e7b0 0000000000000020 t lflush
000000000005e7d0 00000000000001d0 T __srefill_r
000000000005e9a0 000000000000001c T _remove_r
000000000005e9c0 000000000000001c T remove
000000000005e9e0 0000000000000030 T rename
000000000005ea10 000000000000003c T setenv
000000000005ea50 0000000000000264 T _setenv_r
000000000005ecb8 000000000000025c T setvbuf
000000000005ef18 00000000000000a8 T sprintf
000000000005efc0 00000000000000bc T sscanf
000000000005f080 0000000000000050 T __sread
000000000005f0d0 0000000000000008 T __seofread
000000000005f0d8 000000000000006c T __swrite
000000000005f148 0000000000000050 T __sseek
000000000005f198 0000000000000008 T __sclose
000000000005f1c0 00000000000001bc T stpcpy
000000000005f380 0000000000000074 T strcat
000000000005f3f4 00000000000000dc T strchr
000000000005f500 00000000000000a4 T strcmp
000000000005f5c0 00000000000001b8 T strcpy
000000000005f778 000000000000001c T strdup
000000000005f798 0000000000000058 T _strdup_r
000000000005f800 0000000000000140 T strlen
000000000005f940 0000000000000084 T strncat
000000000005fa1c 0000000000000108 T strncmp
000000000005fb28 00000000000000a8 T strncpy
000000000005fc24 00000000000000e0 T strnlen
000000000005fce0 0000000000000064 T strpbrk
000000000005fd44 0000000000000100 T strrchr
000000000005fe48 0000000000000120 t critical_factorization
000000000005ff68 00000000000003b4 t two_way_long_needle
0000000000060320 0000000000000364 T strstr
0000000000060688 0000000000000034 T strtok
00000000000606c0 000000000000009c T __strtok_r
0000000000060760 0000000000000008 T strtok_r
0000000000060768 00000000000001d0 t _strtol_l.isra.0
0000000000060938 0000000000000048 T _strtol_r
0000000000060980 000000000000005c T strtol
00000000000609e0 00000000000001e0 t _strtoul_l.isra.0
0000000000060bc0 0000000000000048 T _strtoul_r
0000000000060c08 000000000000005c T strtoul
0000000000060c64 000000000000076c t get_arg
00000000000613d0 0000000000003b44 T _svfprintf_r
0000000000064f14 000000000000005c t get_arg
0000000000064f70 0000000000002f48 T __ssvfscanf_r
0000000000067eb8 000000000000001c T close
0000000000067ed8 0000000000000030 T fstat
0000000000067f08 0000000000000030 T gettimeofday
0000000000067f38 000000000000003c T lseek
0000000000067f78 0000000000000098 T open
0000000000068010 0000000000000038 T read
0000000000068048 0000000000000030 T stat
0000000000068078 0000000000000038 T write
00000000000680b0 0000000000000040 T time
00000000000680f0 000000000000076c t get_arg
000000000006885c 0000000000003bfc T _vfprintf_r
000000000006c458 00000000000000ec t __sbprintf
000000000006c544 000000000000005c t get_arg
000000000006c5a0 0000000000002f44 T __svfscanf_r
000000000006f4e4 0000000000000054 T _vfscanf_r
000000000006f538 0000000000000118 T __swbuf_r
000000000006f650 00000000000000d0 T _wcrtomb_r
000000000006f720 0000000000000010 T _wcsrtombs_r
000000000006f730 00000000000000e4 T __utf8_wctomb
000000000006f818 0000000000000140 T __swsetup_r
000000000006f958 00000000000000c4 T __xpg_strerror_r
000000000006fa20 000000000000017c T __call_exitprocs
000000000006fba0 00000000000001a8 t quorem
000000000006fd48 00000000000010dc T _dtoa_r
0000000000070e28 000000000000000c T __env_lock
0000000000070e38 000000000000000c T __env_unlock
0000000000070e48 00000000000000a8 T __sflags
0000000000070ef0 0000000000000084 T iswspace
0000000000070f78 0000000000000244 t __jp2uc
00000000000711c0 00000000000000d0 T _jp2uc
0000000000071290 0000000000000008 T __localeconv_l
0000000000071298 0000000000000028 T _localeconv_r
00000000000712c0 00000000000000d8 T _mbrtowc_r
0000000000071398 0000000000000090 T _Balloc
0000000000071428 000000000000001c T _Bfree
0000000000071448 00000000000000e8 T __multadd
0000000000071530 0000000000000120 T __s2b
0000000000071650 000000000000005c T __hi0bits
00000000000716b0 00000000000000a0 T __lo0bits
0000000000071750 000000000000002c T __i2b
0000000000071780 00000000000001c8 T __multiply
0000000000071948 0000000000000104 T __pow5mult
0000000000071a50 0000000000000134 T __lshift
0000000000071b88 0000000000000050 T __mcmp
0000000000071bd8 000000000000014c T __mdiff
0000000000071d28 0000000000000068 T __ulp
0000000000071d90 0000000000000150 T __b2d
0000000000071ee0 0000000000000138 T __d2b
0000000000072018 00000000000000a0 T __ratio
00000000000720b8 0000000000000068 T __copybits
0000000000072120 0000000000000084 T __any_on
00000000000721a8 00000000000000bc T __sccl
0000000000072268 000000000000000c T nanf
0000000000072278 000000000000007c T frexp
00000000000722f8 00000000000000c8 T stpncpy
00000000000723c0 0000000000000418 T _strerror_r
00000000000727d8 0000000000000054 t sulp
0000000000072830 00000000000010f0 T _strtod_l
0000000000073920 0000000000000040 T _strtod_r
0000000000073960 00000000000001d0 t _strtoll_l.isra.0
0000000000073b30 0000000000000048 T _strtoll_r
0000000000073b78 00000000000001e0 t _strtoull_l.isra.0
0000000000073d58 0000000000000048 T _strtoull_r
0000000000073da0 00000000000001c0 T __ssprint_r
0000000000073f60 00000000000000f4 T _sungetc_r
0000000000074054 0000000000000070 T __ssrefill_r
00000000000740c4 00000000000000e0 T _sfread_r
00000000000741a8 00000000000000c8 T __submore
0000000000074270 00000000000001f0 T _ungetc_r
0000000000074460 0000000000000008 T _user_strerror
0000000000074468 000000000000003c T __sprint_r
00000000000744a8 00000000000001dc T _wcsnrtombs_l
0000000000074688 0000000000000054 T _wcsnrtombs_r
00000000000746e0 0000000000000114 t rshift
00000000000747f8 00000000000007e8 T __gethex
0000000000074fe0 0000000000000048 T __match
0000000000075028 000000000000022c T __hexnan
0000000000075258 0000000000000008 t null_write
0000000000075260 0000000000000018 T setDefaultDevice
0000000000075278 00000000000000f8 T FindDevice
0000000000075370 0000000000000034 T RemoveDevice
00000000000753a8 00000000000000d8 T AddDevice
0000000000075480 0000000000000034 T clock_gettime
00000000000754b8 00000000000000a8 T _close_r
0000000000075560 0000000000000080 T _fstat_r
00000000000755e0 0000000000000028 T _gettimeofday_r
0000000000075608 0000000000000008 T _isatty_r
0000000000075610 0000000000000094 T _lseek_r
00000000000756a8 00000000000000e0 T _open_r
0000000000075788 00000000000000a4 T _read_r
0000000000075830 0000000000000078 T _sbrk_r
00000000000758a8 0000000000000074 T _stat_r
0000000000075920 0000000000000074 T _unlink_r
0000000000075998 00000000000000a4 T _write_r
0000000000075a40 0000000000000024 T _exit
0000000000075a68 0000000000000234 T _concatenate_path
0000000000075ca0 0000000000000178 T chdir
0000000000075e18 0000000000000074 T mkdir
0000000000075e90 0000000000000090 T _rename_r
0000000000075f20 0000000000000018 T __libc_lock_acquire
0000000000075f38 0000000000000018 T __libc_lock_release
0000000000075f50 0000000000000018 T __libc_lock_init_recursive
0000000000075f68 0000000000000018 T __libc_lock_acquire_recursive
0000000000075f80 0000000000000018 T __libc_lock_release_recursive
0000000000075f98 0000000000000018 T __libc_lock_close_recursive
0000000000075fb0 000000000000003c T __free_handle
0000000000075ff0 0000000000000058 T __release_handle
0000000000076048 00000000000000c0 T __alloc_handle
0000000000076108 0000000000000020 T __get_handle
0000000000076128 0000000000000024 T __getreent
0000000000076150 0000000000000150 t __extenddftf2
00000000000762a0 0000000000000350 t __trunctfdf2
00000000000765f0 0000000000000070 t __sfp_handle_exceptions
0000000000076660 T _fini
0000000000077af0 0000000000000010 r tv_zero.10605
0000000000078c80 0000000000000010 r tv_zero.7449
0000000000079138 0000000000000041 r base64
0000000000079180 0000000000000011 r aschex
0000000000079198 0000000000000100 r qp_class
0000000000079530 000000000000002c r CSWTCH.40
00000000000795c0 0000000000000080 r ascii
00000000000798e8 0000000000000041 r base64
0000000000079930 0000000000000041 r base64url
000000000007a8f0 0000000000000015 r s_infotype.10046
000000000007b608 0000000000000025 r lower_digits
000000000007b630 0000000000000025 r upper_digits
000000000007b658 0000000000000006 r null.7660
000000000007b660 0000000000000006 r strnil.7674
000000000007c450 0000000000000330 r tz
000000000007c780 0000000000000030 r month_days_cumulative.7510
000000000007e3b0 0000000000000200 r K
000000000007e808 000000000000000a r mode.10517
000000000007e818 000000000000000a r mode.10471
000000000007e828 0000000000000008 r ftpauth.10769
000000000007f5ee 0000000000000001 r hmac_ipad
000000000007f5ef 0000000000000001 r hmac_opad
000000000007f680 0000000000000800 r lenfix.5108
000000000007fe80 0000000000000080 r distfix.5109
000000000007ff00 0000000000000026 r order.5137
0000000000080138 0000000000000040 r dext.5016
0000000000080178 0000000000000040 r dbase.5015
00000000000801b8 000000000000003e r lext.5014
00000000000801f8 000000000000003e r lbase.5013
0000000000080238 0000000000000030 R inflate_copyright
00000000000802f8 0000000000002000 r crc_table
00000000000822f8 0000000000000014 r CSWTCH.83
0000000000082390 0000000000000011 r digits.7917
00000000000823a8 0000000000000038 r g_defaultSocketInitConfig
00000000000823e0 0000000000000011 r xdigits_l.7927
00000000000823f8 0000000000000011 r xdigits_u.7928
00000000000824e8 0000000000000030 r colorTable
0000000000082518 0000000000000086 r _error_code_map
00000000000825a0 R default_font_bin
00000000000845a0 R default_font_bin_end
00000000000845a0 R default_font_bin_size
00000000000845d8 0000000000000038 r g_nvColorFmtTable
0000000000084618 0000000000000018 r error_table
00000000000846a8 0000000000000023 r g_bq_InterfaceDescriptor
00000000000848c0 0000000000000010 r blanks.6378
00000000000848d0 0000000000000010 r zeroes.6379
00000000000849a0 0000000000000022 r basefix.6415
0000000000084b10 0000000000000010 r blanks.6393
0000000000084b20 0000000000000010 r zeroes.6394
0000000000084be8 0000000000000022 r basefix.6434
0000000000084c10 0000000000000101 R _ctype_
0000000000084d60 00000000000000bc r a1
0000000000084e20 00000000000000bc r a2
0000000000084ee0 000000000000005b r a3
0000000000084f40 0000000000000070 r a6
0000000000084fb0 00000000000000a2 r a7
0000000000085058 0000000000000040 r a8
0000000000085098 000000000000172a r b02cf
00000000000867c8 0000000000001a7c r d02f4
0000000000088248 0000000000000028 R __mprec_bigtens
0000000000088270 00000000000000c8 R __mprec_tens
0000000000088338 000000000000000c r p05.5161
0000000000088c30 0000000000000014 r fpi.5241
0000000000088c48 0000000000000014 r fpinan.5277
0000000000088c60 0000000000000028 r tinytens
0000000000088c88 000000000000006c R __action_table
0000000000088cf8 0000000000000100 R __chclass
0000000000088df8 000000000000006c R __state_table
0000000000088e68 0000000000000100 R __hexdig
0000000000088f70 0000000000000003 R DIRECTORY_PARENT
0000000000088f78 r __EH_FRAME_BEGIN__
0000000000088f78 R __eh_frame_hdr_end
0000000000088f78 R __eh_frame_hdr_start
0000000000091364 r __FRAME_END__
0000000000091368 a _DYNAMIC
0000000000096000 t __frame_dummy_init_array_entry
0000000000096000 T __init_array_start
0000000000096000 B __preinit_array_end
0000000000096000 B __preinit_array_start
0000000000096000 D __tdata_lma
0000000000096000 D __tdata_lma_end
0000000000096008 t __do_global_dtors_aux_fini_array_entry
0000000000096008 T __fini_array_start
0000000000096008 T __init_array_end
0000000000096010 T __fini_array_end
0000000000096010 a _GLOBAL_OFFSET_TABLE_
0000000000096010 T __got_start__
00000000000963c0 0000000000000008 D Curl_cmalloc
00000000000963c0 D __got_end__
00000000000963c8 0000000000000008 D Curl_cfree
00000000000963d0 0000000000000008 D Curl_crealloc
00000000000963d8 0000000000000008 D Curl_cstrdup
00000000000963e0 0000000000000008 D Curl_ccalloc
00000000000963e8 0000000000000090 d encoders
0000000000096478 00000000000000a0 d ctts.10151
0000000000096518 0000000000000088 D Curl_handler_http
00000000000965a0 0000000000000060 d protocols
0000000000096600 0000000000000088 d Curl_handler_dummy
0000000000096688 0000000000000088 D Curl_handler_dict
0000000000096710 0000000000000080 d version_info
0000000000096790 0000000000000060 d protocols
00000000000967f0 0000000000000140 d telnetoptions
0000000000096930 00000000000000a0 d telnetcmds
00000000000969d0 0000000000000088 D Curl_handler_telnet
0000000000096a58 0000000000000020 d encodings
0000000000096a78 0000000000000030 d identity_encoding
0000000000096aa8 0000000000000030 d error_encoding
0000000000096ad8 0000000000000030 d client_encoding
0000000000096b08 0000000000000030 d gzip_encoding
0000000000096b38 0000000000000030 d deflate_encoding
0000000000096b68 0000000000000020 D Curl_DIGEST_MD5
0000000000096b88 0000000000000028 D Curl_HMAC_MD5
0000000000096bb0 0000000000000038 D Curl_wkday
0000000000096be8 0000000000000038 d weekday
0000000000096c20 0000000000000060 D Curl_month
0000000000096c80 0000000000000088 D Curl_handler_tftp
0000000000096d08 0000000000000030 d saslimap
0000000000096d38 0000000000000088 D Curl_handler_imap
0000000000096dc0 0000000000000030 d saslpop3
0000000000096df0 0000000000000088 D Curl_handler_pop3
0000000000096e78 0000000000000030 d saslsmtp
0000000000096ea8 0000000000000088 D Curl_handler_smtp
0000000000096f30 0000000000000088 D Curl_handler_rtsp
0000000000096fb8 0000000000000088 D Curl_handler_gopher
0000000000097040 00000000000000f0 d mechtable
0000000000097130 0000000000000088 D Curl_handler_file
00000000000971b8 0000000000000088 D Curl_handler_ftp
0000000000097240 0000000000000050 D z_errmsg
0000000000097290 0000000000000001 V __nx_applet_auto_notifyrunning
0000000000097294 0000000000000004 V __nx_applet_type
0000000000097298 0000000000000008 V __nx_pollfd_sb_max_fds
00000000000972a0 00000000000000e0 d g_socketDevoptab
0000000000097380 0000000000000001 d firstConsoleInit.6003
0000000000097388 0000000000000058 d defaultConsole
00000000000973e0 0000000000000008 d currentConsole
00000000000973e8 00000000000000e0 d dotab_stdout
00000000000974c8 0000000000000088 d s_consoleSwRenderer
0000000000097550 0000000000000008 d g_bsdClientPid
0000000000097558 0000000000000008 V __nx_exception_stack_size
0000000000097560 0000000000000401 d __cwd
0000000000097964 0000000000000004 d fsdev_fsdevice_cwd
0000000000097968 0000000000000004 d fsdev_fsdevice_default
0000000000097970 00000000000000e0 d fsdev_devoptab
0000000000097a50 0000000000000004 V __nx_vi_stray_layer_flags
0000000000097a54 0000000000000004 d g_viServiceType
0000000000097a58 0000000000000004 V __nx_nv_transfermem_size
0000000000097a5c 0000000000000004 d g_ctrl_fd
0000000000097a60 0000000000000004 d g_nvmap_fd
0000000000097a68 0000000000000008 D _impure_ptr
0000000000097a70 0000000000000768 d impure_data
00000000000981d8 0000000000000008 D _global_impure_ptr
00000000000981e0 00000000000001a8 D __global_locale
0000000000098388 0000000000000008 D __malloc_sbrk_base
0000000000098390 0000000000000008 D __malloc_trim_threshold
0000000000098398 0000000000000810 D __malloc_av_
0000000000098ba8 0000000000000008 D environ
0000000000098bb0 0000000000000004 d defaultDevice
0000000000098bb8 0000000000000080 D devoptab_list
0000000000098c38 00000000000000e0 D dotab_stdnull
0000000000098d18 0000000000000400 d _current_working_directory
0000000000099118 0000000000000010 d __stderr_handle
0000000000099128 0000000000000010 d __stdin_handle
0000000000099138 0000000000000010 d __stdout_handle
0000000000099148 0000000000002000 d handles
000000000009b148 D __bss_start__
000000000009b148 b completed.7821
000000000009b148 D __TMC_END__
000000000009b150 b object.7826
000000000009b180 0000000000000004 B dlnow_Mb
000000000009b184 0000000000000004 B dltotal_Mb
000000000009b188 0000000000000004 b initialized
000000000009b18c 0000000000000004 B Curl_ack_eintr
000000000009b190 0000000000000030 b hostname_cache
000000000009b1c0 0000000000000004 b host_cache_initialized
000000000009b1c8 00000000000000c8 b version.10029
000000000009b290 0000000000000001 b initialized.10028
000000000009b291 0000000000000001 b initialized.10038
000000000009b294 0000000000000001 b seeded.9802
000000000009b298 0000000000000004 b randseed.9801
000000000009b2a0 0000000000000008 V __nx_applet_PerformanceConfiguration
000000000009b2a8 0000000000000004 V __nx_applet_exit_mode
000000000009b2ac 0000000000000001 b g_appletExitProcessFlag
000000000009b2b0 0000000000000018 b g_appletFirstHook
000000000009b2c8 0000000000000001 b g_appletFocusState
000000000009b2d0 000000000000000c b g_appletIApplicationCreator
000000000009b2e0 000000000000000c b g_appletIAudioController
000000000009b2f0 000000000000000c b g_appletICommonStateGetter
000000000009b300 000000000000000c b g_appletIDebugFunctions
000000000009b310 000000000000000c b g_appletIDisplayController
000000000009b320 000000000000000c b g_appletIFunctions
000000000009b330 000000000000000c b g_appletIGlobalStateController
000000000009b340 000000000000000c b g_appletILibraryAppletCreator
000000000009b350 000000000000000c b g_appletILibraryAppletSelfAccessor
000000000009b360 000000000000000c b g_appletIProcessWindingController
000000000009b370 000000000000000c b g_appletISelfController
000000000009b380 000000000000000c b g_appletIWindowController
000000000009b390 000000000000000c b g_appletLibraryAppletLaunchableEvent
000000000009b3a0 000000000000000c b g_appletMessageEvent
000000000009b3ac 0000000000000001 b g_appletNotifiedRunning
000000000009b3ad 0000000000000001 b g_appletOperationMode
000000000009b3b0 0000000000000004 b g_appletPerformanceMode
000000000009b3b8 000000000000000c b g_appletProxySession
000000000009b3c4 0000000000000004 b g_appletRecordingInitialized
000000000009b3c8 0000000000000028 b g_appletRecordingTmem
000000000009b3f0 0000000000000008 b g_appletResourceUserId
000000000009b3f8 000000000000000c b g_appletSrv
000000000009b404 0000000000000004 b g_appletThemeColorType
000000000009b408 0000000000000008 b g_refCnt
000000000009b410 0000000000000050 b g_controllerDown
000000000009b460 00000000000001e0 b g_controllerEntries
000000000009b640 0000000000000190 b g_controllerHeaders
000000000009b7d0 0000000000000050 b g_controllerHeld
000000000009b820 0000000000000028 b g_controllerLayout
000000000009b848 0000000000000050 b g_controllerOld
000000000009b898 0000000000000004 b g_controllerP1AutoID
000000000009b8a0 0000000000000050 b g_controllerTimestamps
000000000009b8f0 0000000000000050 b g_controllerUp
000000000009b940 000000000000000c b g_hidIAppletResource
000000000009b950 0000000000000020 b g_hidLock
000000000009b970 0000000000000020 b g_hidSharedmem
000000000009b990 000000000000000c b g_hidSrv
000000000009b9a0 0000000000000020 b g_keyboardDown
000000000009b9c0 0000000000000038 b g_keyboardEntry
000000000009b9f8 0000000000000020 b g_keyboardHeld
000000000009ba18 0000000000000008 b g_keyboardModDown
000000000009ba20 0000000000000008 b g_keyboardModHeld
000000000009ba28 0000000000000008 b g_keyboardModOld
000000000009ba30 0000000000000008 b g_keyboardModUp
000000000009ba38 0000000000000020 b g_keyboardOld
000000000009ba58 0000000000000008 b g_keyboardTimestamp
000000000009ba60 0000000000000020 b g_keyboardUp
000000000009ba80 0000000000000008 b g_mouseDown
000000000009ba88 0000000000000030 b g_mouseEntry
000000000009bab8 0000000000000008 b g_mouseHeld
000000000009bac0 0000000000000008 b g_mouseOld
000000000009bac8 0000000000000008 b g_mouseTimestamp
000000000009bad0 0000000000000008 b g_mouseUp
000000000009bad8 0000000000000008 b g_refCnt
000000000009bae0 000000000000000a b g_sixaxisEnabled
000000000009baf0 0000000000004650 b g_sixaxisLayouts
00000000000a0140 0000000000000298 b g_touchEntry
00000000000a03d8 0000000000000008 b g_touchTimestamp
00000000000a03e0 000000000000000c b g_apmISession
00000000000a03f0 000000000000000c b g_apmSrv
00000000000a0400 0000000000000008 b g_refCnt
00000000000a0408 0000000000000008 b g_refCnt
00000000000a0410 0000000000000004 b g_smHandle
00000000000a0418 0000000000000200 b g_smOverrides
00000000000a0618 0000000000000008 b g_smOverridesNum
00000000000a0620 0000000000000001 b g_hasRandomSeed
00000000000a0621 0000000000000001 b g_isNso
00000000000a0624 0000000000000004 b g_lastLoadResult
00000000000a0628 0000000000000008 b g_loaderRetAddr
00000000000a0630 0000000000000004 b g_mainThreadHandle
00000000000a0638 0000000000000008 b g_nextLoadArgv
00000000000a0640 0000000000000008 b g_nextLoadPath
00000000000a0648 0000000000000008 b g_overrideArgv
00000000000a0650 0000000000000008 b g_overrideHeapAddr
00000000000a0658 0000000000000008 b g_overrideHeapSize
00000000000a0660 0000000000000004 b g_processHandle
00000000000a0668 0000000000000010 b g_randomSeed
00000000000a0678 0000000000000010 b g_syscallHints
00000000000a0688 0000000000000018 b g_sfdnsresConfig
00000000000a06a0 0000000000000058 b currentCopy
00000000000a06f8 0000000000000001 b g_HasCached
00000000000a06f9 0000000000000001 b g_IsAbove200
00000000000a06fa 0000000000000001 b g_IsAbove300
00000000000a06fb 0000000000000001 b g_IsAbove400
00000000000a06fc 0000000000000001 b g_IsAbove500
00000000000a06fd 0000000000000001 b g_IsAbove600
00000000000a0700 0000000000000004 b g_Mutex
00000000000a0708 0000000000000010 b g_AddressSpace
00000000000a0718 0000000000000008 b g_CurrentAddr
00000000000a0720 0000000000000030 b g_Region
00000000000a0750 0000000000000004 b g_VirtMemMutex
00000000000a0758 000000000000000c b g_bsdMonitor
00000000000a0768 000000000000000c b g_bsdSrv
00000000000a0778 0000000000000008 b g_bsdSrvIpcBufferSize
00000000000a0780 0000000000000028 b g_bsdTmem
00000000000a07a8 000000000000000c b g_nifmIGS
00000000000a07b8 000000000000000c b g_nifmSrv
00000000000a07c8 0000000000000008 b g_refCnt
00000000000a07d0 0000000000000078 b g_defaultWin
00000000000a0848 0000000000000050 b g_viDisplay
00000000000a0898 0000000000000010 b g_viLayer
00000000000a08a8 0000000000000004 V __nx_exception_ignoredebug
00000000000a08b0 0000000000000400 V __nx_exception_stack
00000000000a0cb0 0000000000000008 V __nx_heap_size
00000000000a0cb8 0000000000000008 b __bootticks
00000000000a0cc0 0000000000000008 b __boottime
00000000000a0cc8 0000000000000004 V __nx_time_type
00000000000a0cd0 0000000000000008 b g_argv_empty
00000000000a0cd8 0000000000002300 b fsdev_fsdevices
00000000000a2fd8 0000000000000001 b fsdev_initialised
00000000000a2fe0 0000000000000008 b g_refCnt
00000000000a2fe8 000000000000000c b g_timeLocalSystemClock
00000000000a2ff8 000000000000000c b g_timeNetworkSystemClock
00000000000a3008 000000000000000c b g_timeSrv
00000000000a3018 000000000000000c b g_timeTimeZoneService
00000000000a3028 000000000000000c b g_timeUserSystemClock
00000000000a3038 0000000000000008 V __nx_vi_layer_id
00000000000a3040 000000000000000c b g_viIApplicationDisplayService
00000000000a3050 000000000000000c b g_viIHOSBinderDriverIndirect
00000000000a3060 000000000000000c b g_viIHOSBinderDriverRelay
00000000000a3070 000000000000000c b g_viIManagerDisplayService
00000000000a3080 000000000000000c b g_viISystemDisplayService
00000000000a3090 000000000000000c b g_fsSrv
00000000000a30a0 0000000000000008 b g_refCnt
00000000000a30a8 0000000000000008 b g_nvIpcBufferSize
00000000000a30b0 000000000000000c b g_nvSrv
00000000000a30c0 000000000000000c b g_nvSrvClone
00000000000a30d0 0000000000000028 b g_nvTransfermem
00000000000a30f8 0000000000000008 b g_refCnt
00000000000a3100 0000000000000008 b g_NvEventUsedMask
00000000000a3108 0000000000000300 b g_NvEvents
00000000000a3408 0000000000000008 b g_refCnt
00000000000a3410 0000000000000008 b g_refCnt
00000000000a3418 000000000000000c b __sfp_recursive_mutex
00000000000a3428 000000000000000c b __sinit_recursive_mutex
00000000000a3438 0000000000000028 B __malloc_current_mallinfo
00000000000a3460 0000000000000008 B __malloc_max_sbrked_mem
00000000000a3468 0000000000000008 B __malloc_max_total_mem
00000000000a3470 0000000000000008 B __malloc_top_pad
00000000000a3478 000000000000000c b __malloc_recursive_mutex
00000000000a3484 0000000000000004 b alloced.4037
00000000000a3488 000000000000000c B __atexit_recursive_mutex
00000000000a3498 0000000000000008 b initial_env
00000000000a34a0 000000000000000c b __env_recursive_mutex
00000000000a34b0 0000000000000008 b heap_start.5228
00000000000a34b8 0000000000000008 B fake_heap_end
00000000000a34c0 0000000000000008 B fake_heap_start
00000000000a34c8 0000000000000400 b temp_cwd
00000000000a38c8 0000000000000090 B __syscalls
00000000000a3958 0000000000000004 b __hndl_lock
00000000000a3960 0000000000000008 B curl
00000000000a3968 0000000000000006 B var
00000000000a3970 0000000000000004 B res
00000000000a3978 0000000000000010 B initial
00000000000a3988 0000000000000418 B dnld_params
00000000000a3da0 0000000000000340 B __nx_exceptiondump
00000000000a40e0 0000000000000008 B __stack_top
00000000000a40e8 0000000000000008 B __system_argv
00000000000a40f0 0000000000000004 B __system_argc
00000000000a40f8 0000000000000004 B __nxlink_host
00000000000a4100 B __tls_start
00000000000a8518 B __bss_end__
00000000000a8518 A __end__
00000000000a8518 B __tls_end
00000000000a9000 A __argdata__
